17:37:16 DEBUG : Logs will be stored at 'C:/Users/mzxu2/Downloads/lab62/IDE.log'.
17:37:19 INFO  : Launching XSCT server: xsct.bat -n  -interactive C:\Users\mzxu2\Downloads\lab62\temp_xsdb_launch_script.tcl
17:37:19 INFO  : Registering command handlers for Vitis TCF services
17:37:19 INFO  : Platform repository initialization has completed.
17:37:22 INFO  : XSCT server has started successfully.
17:37:22 INFO  : Successfully done setting XSCT server connection channel  
17:37:22 INFO  : plnx-install-location is set to ''
17:37:22 INFO  : Successfully done query RDI_DATADIR 
17:37:22 INFO  : Successfully done setting workspace for the tool. 
17:39:28 INFO  : Result from executing command 'getProjects': mb_usb_hdmi_top
17:39:28 INFO  : Result from executing command 'getPlatforms': xilinx_vck190_base_202220_1|C:/Xilinx/Vitis/2022.2/base_platforms/xilinx_vck190_base_202220_1/xilinx_vck190_base_202220_1.xpfm;xilinx_vck190_base_dfx_202220_1|C:/Xilinx/Vitis/2022.2/base_platforms/xilinx_vck190_base_dfx_202220_1/xilinx_vck190_base_dfx_202220_1.xpfm;xilinx_vmk180_base_202220_1|C:/Xilinx/Vitis/2022.2/base_platforms/xilinx_vmk180_base_202220_1/xilinx_vmk180_base_202220_1.xpfm;xilinx_zcu102_base_202220_1|C:/Xilinx/Vitis/2022.2/base_platforms/xilinx_zcu102_base_202220_1/xilinx_zcu102_base_202220_1.xpfm;xilinx_zcu102_base_dfx_202220_1|C:/Xilinx/Vitis/2022.2/base_platforms/xilinx_zcu102_base_dfx_202220_1/xilinx_zcu102_base_dfx_202220_1.xpfm;xilinx_zcu104_base_202220_1|C:/Xilinx/Vitis/2022.2/base_platforms/xilinx_zcu104_base_202220_1/xilinx_zcu104_base_202220_1.xpfm
17:39:29 WARN  : An unexpected exception occurred in the module 'platform project logging'
17:39:30 INFO  : Platform 'mb_usb_hdmi_top' is added to custom repositories.
17:39:35 INFO  : Platform 'mb_usb_hdmi_top' is added to custom repositories.
17:42:29 INFO  : Hardware specification for platform project 'mb_usb_hdmi_top' is updated.
17:42:47 INFO  : Result from executing command 'getProjects': mb_usb_hdmi_top
17:42:47 INFO  : Result from executing command 'getPlatforms': mb_usb_hdmi_top|C:/Users/mzxu2/Downloads/lab62/mb_usb_hdmi_top/export/mb_usb_hdmi_top/mb_usb_hdmi_top.xpfm;xilinx_vck190_base_202220_1|C:/Xilinx/Vitis/2022.2/base_platforms/xilinx_vck190_base_202220_1/xilinx_vck190_base_202220_1.xpfm;xilinx_vck190_base_dfx_202220_1|C:/Xilinx/Vitis/2022.2/base_platforms/xilinx_vck190_base_dfx_202220_1/xilinx_vck190_base_dfx_202220_1.xpfm;xilinx_vmk180_base_202220_1|C:/Xilinx/Vitis/2022.2/base_platforms/xilinx_vmk180_base_202220_1/xilinx_vmk180_base_202220_1.xpfm;xilinx_zcu102_base_202220_1|C:/Xilinx/Vitis/2022.2/base_platforms/xilinx_zcu102_base_202220_1/xilinx_zcu102_base_202220_1.xpfm;xilinx_zcu102_base_dfx_202220_1|C:/Xilinx/Vitis/2022.2/base_platforms/xilinx_zcu102_base_dfx_202220_1/xilinx_zcu102_base_dfx_202220_1.xpfm;xilinx_zcu104_base_202220_1|C:/Xilinx/Vitis/2022.2/base_platforms/xilinx_zcu104_base_202220_1/xilinx_zcu104_base_202220_1.xpfm
17:42:48 INFO  : Checking for BSP changes to sync application flags for project 'mb_usb'...
17:43:12 INFO  : Connected to target on host '127.0.0.1' and port '3121'.
17:43:12 INFO  : Jtag cable 'RealDigital Boo 887100000000A' is selected.
17:43:12 INFO  : 'jtag frequency' command is executed.
17:43:13 INFO  : 'targets -set -filter {jtag_cable_name =~ "RealDigital Boo 887100000000A" && level==0 && jtag_device_ctx=="jsn1-0362f093-0"}' command is executed.
17:43:14 INFO  : Device configured successfully with "C:/Users/mzxu2/Downloads/lab62/mb_usb/_ide/bitstream/mb_usb_hdmi_top.bit"
17:43:14 INFO  : Context for processor 'microblaze_0' is selected.
17:43:14 INFO  : Hardware design and registers information is loaded from 'C:/Users/mzxu2/Downloads/lab62/mb_usb_hdmi_top/export/mb_usb_hdmi_top/hw/mb_usb_hdmi_top.xsa'.
17:43:14 INFO  : 'configparams mdm-detect-bscan-mask 2' command is executed.
17:43:14 INFO  : Context for processor 'microblaze_0' is selected.
17:43:14 INFO  : System reset is completed.
17:43:17 INFO  : 'after 3000' command is executed.
17:43:17 INFO  : Context for processor 'microblaze_0' is selected.
17:43:17 INFO  : The application 'C:/Users/mzxu2/Downloads/lab62/mb_usb/Debug/mb_usb.elf' is downloaded to processor 'microblaze_0'.
17:43:17 INFO  : ----------------XSDB Script----------------
connect -url tcp:127.0.0.1:3121
targets -set -filter {jtag_cable_name =~ "RealDigital Boo 887100000000A" && level==0 && jtag_device_ctx=="jsn1-0362f093-0"}
fpga -file C:/Users/mzxu2/Downloads/lab62/mb_usb/_ide/bitstream/mb_usb_hdmi_top.bit
targets -set -nocase -filter {name =~ "*microblaze*#0" && bscan=="USER2" }
loadhw -hw C:/Users/mzxu2/Downloads/lab62/mb_usb_hdmi_top/export/mb_usb_hdmi_top/hw/mb_usb_hdmi_top.xsa -regs
configparams mdm-detect-bscan-mask 2
targets -set -nocase -filter {name =~ "*microblaze*#0" && bscan=="USER2" }
rst -system
after 3000
targets -set -nocase -filter {name =~ "*microblaze*#0" && bscan=="USER2" }
dow C:/Users/mzxu2/Downloads/lab62/mb_usb/Debug/mb_usb.elf
----------------End of Script----------------

17:43:17 INFO  : Context for processor 'microblaze_0' is selected.
17:43:17 INFO  : 'con' command is executed.
17:43:17 INFO  : ----------------XSDB Script (After Launch)----------------
targets -set -nocase -filter {name =~ "*microblaze*#0" && bscan=="USER2" }
con
----------------End of Script----------------

17:43:17 INFO  : Launch script is exported to file 'C:\Users\mzxu2\Downloads\lab62\mb_usb_system\_ide\scripts\debugger_mb_usb-default.tcl'
17:43:49 INFO  : Disconnected from the channel tcfchan#2.
17:43:50 INFO  : Connected to target on host '127.0.0.1' and port '3121'.
17:43:59 INFO  : ----------------XSDB Script----------------
connect -url tcp:127.0.0.1:3121
----------------End of Script----------------

17:43:59 ERROR : Could not find FPGA device on the board for connection 'Local'.


Troubleshooting hints:
1. Check whether board is connected to system properly.
2. In case of zynq board, check whether Digilent/Xilinx cable switch settings are correct.
3. If you are using Xilinx Platform Cable USB, ensure that status LED is green.
17:44:02 INFO  : Connected to target on host '127.0.0.1' and port '3121'.
17:44:02 INFO  : Jtag cable 'RealDigital Boo 887100000000A' is selected.
17:44:02 INFO  : 'jtag frequency' command is executed.
17:44:02 INFO  : 'targets -set -filter {jtag_cable_name =~ "RealDigital Boo 887100000000A" && level==0 && jtag_device_ctx=="jsn1-0362f093-0"}' command is executed.
17:44:03 INFO  : Device configured successfully with "C:/Users/mzxu2/Downloads/lab62/mb_usb/_ide/bitstream/mb_usb_hdmi_top.bit"
17:44:03 INFO  : Context for processor 'microblaze_0' is selected.
17:44:03 INFO  : Hardware design and registers information is loaded from 'C:/Users/mzxu2/Downloads/lab62/mb_usb_hdmi_top/export/mb_usb_hdmi_top/hw/mb_usb_hdmi_top.xsa'.
17:44:03 INFO  : 'configparams mdm-detect-bscan-mask 2' command is executed.
17:44:03 INFO  : Context for processor 'microblaze_0' is selected.
17:44:03 INFO  : System reset is completed.
17:44:06 INFO  : 'after 3000' command is executed.
17:44:06 INFO  : Context for processor 'microblaze_0' is selected.
17:44:06 INFO  : The application 'C:/Users/mzxu2/Downloads/lab62/mb_usb/Debug/mb_usb.elf' is downloaded to processor 'microblaze_0'.
17:44:06 INFO  : ----------------XSDB Script----------------
connect -url tcp:127.0.0.1:3121
targets -set -filter {jtag_cable_name =~ "RealDigital Boo 887100000000A" && level==0 && jtag_device_ctx=="jsn1-0362f093-0"}
fpga -file C:/Users/mzxu2/Downloads/lab62/mb_usb/_ide/bitstream/mb_usb_hdmi_top.bit
targets -set -nocase -filter {name =~ "*microblaze*#0" && bscan=="USER2" }
loadhw -hw C:/Users/mzxu2/Downloads/lab62/mb_usb_hdmi_top/export/mb_usb_hdmi_top/hw/mb_usb_hdmi_top.xsa -regs
configparams mdm-detect-bscan-mask 2
targets -set -nocase -filter {name =~ "*microblaze*#0" && bscan=="USER2" }
rst -system
after 3000
targets -set -nocase -filter {name =~ "*microblaze*#0" && bscan=="USER2" }
dow C:/Users/mzxu2/Downloads/lab62/mb_usb/Debug/mb_usb.elf
----------------End of Script----------------

17:44:06 INFO  : Context for processor 'microblaze_0' is selected.
17:44:06 INFO  : 'con' command is executed.
17:44:06 INFO  : ----------------XSDB Script (After Launch)----------------
targets -set -nocase -filter {name =~ "*microblaze*#0" && bscan=="USER2" }
con
----------------End of Script----------------

17:44:06 INFO  : Launch script is exported to file 'C:\Users\mzxu2\Downloads\lab62\mb_usb_system\_ide\scripts\debugger_mb_usb-default.tcl'
17:55:36 INFO  : Hardware specification for platform project 'mb_usb_hdmi_top' is updated.
17:55:53 INFO  : Result from executing command 'getProjects': mb_usb_hdmi_top
17:55:53 INFO  : Result from executing command 'getPlatforms': mb_usb_hdmi_top|C:/Users/mzxu2/Downloads/lab62/mb_usb_hdmi_top/export/mb_usb_hdmi_top/mb_usb_hdmi_top.xpfm;xilinx_vck190_base_202220_1|C:/Xilinx/Vitis/2022.2/base_platforms/xilinx_vck190_base_202220_1/xilinx_vck190_base_202220_1.xpfm;xilinx_vck190_base_dfx_202220_1|C:/Xilinx/Vitis/2022.2/base_platforms/xilinx_vck190_base_dfx_202220_1/xilinx_vck190_base_dfx_202220_1.xpfm;xilinx_vmk180_base_202220_1|C:/Xilinx/Vitis/2022.2/base_platforms/xilinx_vmk180_base_202220_1/xilinx_vmk180_base_202220_1.xpfm;xilinx_zcu102_base_202220_1|C:/Xilinx/Vitis/2022.2/base_platforms/xilinx_zcu102_base_202220_1/xilinx_zcu102_base_202220_1.xpfm;xilinx_zcu102_base_dfx_202220_1|C:/Xilinx/Vitis/2022.2/base_platforms/xilinx_zcu102_base_dfx_202220_1/xilinx_zcu102_base_dfx_202220_1.xpfm;xilinx_zcu104_base_202220_1|C:/Xilinx/Vitis/2022.2/base_platforms/xilinx_zcu104_base_202220_1/xilinx_zcu104_base_202220_1.xpfm
17:55:54 INFO  : Checking for BSP changes to sync application flags for project 'mb_usb'...
17:55:58 INFO  : The hardware specification used by project 'mb_usb' is out of sync with the platform. Resource files extracted from the hardware specification will be updated.
17:55:58 INFO  : The file 'C:\Users\mzxu2\Downloads\lab62\mb_usb\_ide\bitstream\mb_usb_hdmi_top.bit' stored in project is removed.
17:55:58 INFO  : The file 'C:\Users\mzxu2\Downloads\lab62\mb_usb\_ide\bitstream\mb_usb_hdmi_top.mmi' stored in project is removed.
17:55:58 INFO  : The updated bitstream files are copied from platform to folder 'C:\Users\mzxu2\Downloads\lab62\mb_usb\_ide\bitstream' in project 'mb_usb'.
17:56:11 INFO  : Disconnected from the channel tcfchan#3.
17:56:12 INFO  : Connected to target on host '127.0.0.1' and port '3121'.
17:56:12 INFO  : Jtag cable 'RealDigital Boo 887100000000A' is selected.
17:56:12 INFO  : 'jtag frequency' command is executed.
17:56:15 ERROR : no targets found with "jtag_cable_name =~ "RealDigital Boo 887100000000A" && level==0 && jtag_device_ctx=="jsn1-0362f093-0"". available targets:
  1  xc7s50
     2  MicroBlaze Debug Module at USER2
        3  MicroBlaze #0 (Running)
17:56:15 ERROR : Exception occured while running Program Device.
java.lang.RuntimeException: no targets found with "jtag_cable_name =~ "RealDigital Boo 887100000000A" && level==0 && jtag_device_ctx=="jsn1-0362f093-0"". available targets:
  1  xc7s50
     2  MicroBlaze Debug Module at USER2
        3  MicroBlaze #0 (Running)
17:56:15 INFO  : ----------------XSDB Script----------------
connect -url tcp:127.0.0.1:3121
----------------End of Script----------------

17:56:15 ERROR : no targets found with "jtag_cable_name =~ "RealDigital Boo 887100000000A" && level==0 && jtag_device_ctx=="jsn1-0362f093-0"". available targets:
  1  xc7s50
     2  MicroBlaze Debug Module at USER2
        3  MicroBlaze #0 (Running)
17:56:17 INFO  : Connected to target on host '127.0.0.1' and port '3121'.
17:56:17 INFO  : Jtag cable 'RealDigital Boo 887100000000A' is selected.
17:56:17 INFO  : 'jtag frequency' command is executed.
17:56:20 ERROR : no targets found with "jtag_cable_name =~ "RealDigital Boo 887100000000A" && level==0 && jtag_device_ctx=="jsn1-0362f093-0"". available targets:
  1  xc7s50
     2  MicroBlaze Debug Module at USER2
        3  MicroBlaze #0 (Running)
17:56:20 ERROR : Exception occured while running Program Device.
java.lang.RuntimeException: no targets found with "jtag_cable_name =~ "RealDigital Boo 887100000000A" && level==0 && jtag_device_ctx=="jsn1-0362f093-0"". available targets:
  1  xc7s50
     2  MicroBlaze Debug Module at USER2
        3  MicroBlaze #0 (Running)
17:56:20 INFO  : ----------------XSDB Script----------------
connect -url tcp:127.0.0.1:3121
----------------End of Script----------------

17:56:20 ERROR : no targets found with "jtag_cable_name =~ "RealDigital Boo 887100000000A" && level==0 && jtag_device_ctx=="jsn1-0362f093-0"". available targets:
  1  xc7s50
     2  MicroBlaze Debug Module at USER2
        3  MicroBlaze #0 (Running)
17:56:24 INFO  : Connected to target on host '127.0.0.1' and port '3121'.
17:56:24 INFO  : Jtag cable 'RealDigital Boo 887100000000A' is selected.
17:56:24 INFO  : 'jtag frequency' command is executed.
17:56:27 ERROR : no targets found with "jtag_cable_name =~ "RealDigital Boo 887100000000A" && level==0 && jtag_device_ctx=="jsn1-0362f093-0"". available targets:
  1  xc7s50
     2  MicroBlaze Debug Module at USER2
        3  MicroBlaze #0 (Running)
17:56:27 ERROR : Exception occured while running Program Device.
java.lang.RuntimeException: no targets found with "jtag_cable_name =~ "RealDigital Boo 887100000000A" && level==0 && jtag_device_ctx=="jsn1-0362f093-0"". available targets:
  1  xc7s50
     2  MicroBlaze Debug Module at USER2
        3  MicroBlaze #0 (Running)
17:56:27 INFO  : ----------------XSDB Script----------------
connect -url tcp:127.0.0.1:3121
----------------End of Script----------------

17:56:27 ERROR : no targets found with "jtag_cable_name =~ "RealDigital Boo 887100000000A" && level==0 && jtag_device_ctx=="jsn1-0362f093-0"". available targets:
  1  xc7s50
     2  MicroBlaze Debug Module at USER2
        3  MicroBlaze #0 (Running)
17:56:44 INFO  : Connected to target on host '127.0.0.1' and port '3121'.
17:56:44 INFO  : Jtag cable 'RealDigital Boo 887100000000A' is selected.
17:56:44 INFO  : 'jtag frequency' command is executed.
17:56:47 ERROR : no targets found with "jtag_cable_name =~ "RealDigital Boo 887100000000A" && level==0 && jtag_device_ctx=="jsn1-0362f093-0"". available targets:
  1  xc7s50
     2  MicroBlaze Debug Module at USER2
        3  MicroBlaze #0 (Running)
17:56:47 ERROR : Exception occured while running Program Device.
java.lang.RuntimeException: no targets found with "jtag_cable_name =~ "RealDigital Boo 887100000000A" && level==0 && jtag_device_ctx=="jsn1-0362f093-0"". available targets:
  1  xc7s50
     2  MicroBlaze Debug Module at USER2
        3  MicroBlaze #0 (Running)
17:56:47 INFO  : ----------------XSDB Script----------------
connect -url tcp:127.0.0.1:3121
----------------End of Script----------------

17:56:47 ERROR : no targets found with "jtag_cable_name =~ "RealDigital Boo 887100000000A" && level==0 && jtag_device_ctx=="jsn1-0362f093-0"". available targets:
  1  xc7s50
     2  MicroBlaze Debug Module at USER2
        3  MicroBlaze #0 (Running)
17:57:59 DEBUG : Logs will be stored at 'C:/Users/mzxu2/Downloads/lab62/IDE.log'.
17:57:59 INFO  : Launching XSCT server: xsct.bat -n  -interactive C:\Users\mzxu2\Downloads\lab62\temp_xsdb_launch_script.tcl
17:58:02 INFO  : Registering command handlers for Vitis TCF services
17:58:02 INFO  : XSCT server has started successfully.
17:58:03 INFO  : plnx-install-location is set to ''
17:58:03 INFO  : Successfully done setting XSCT server connection channel  
17:58:03 INFO  : Successfully done query RDI_DATADIR 
17:58:03 INFO  : Successfully done setting workspace for the tool. 
17:58:03 INFO  : Platform repository initialization has completed.
17:58:06 INFO  : Connected to target on host '127.0.0.1' and port '3121'.
17:58:07 INFO  : Jtag cable 'RealDigital Boo 887100000000A' is selected.
17:58:07 INFO  : 'jtag frequency' command is executed.
17:58:07 INFO  : 'targets -set -filter {jtag_cable_name =~ "RealDigital Boo 887100000000A" && level==0 && jtag_device_ctx=="jsn1-0362f093-0"}' command is executed.
17:58:08 INFO  : Device configured successfully with "C:/Users/mzxu2/Downloads/lab62/mb_usb/_ide/bitstream/mb_usb_hdmi_top.bit"
17:58:08 INFO  : Context for processor 'microblaze_0' is selected.
17:58:08 INFO  : Hardware design and registers information is loaded from 'C:/Users/mzxu2/Downloads/lab62/mb_usb_hdmi_top/export/mb_usb_hdmi_top/hw/mb_usb_hdmi_top.xsa'.
17:58:08 INFO  : 'configparams mdm-detect-bscan-mask 2' command is executed.
17:58:08 INFO  : Context for processor 'microblaze_0' is selected.
17:58:08 INFO  : System reset is completed.
17:58:11 INFO  : 'after 3000' command is executed.
17:58:11 INFO  : Context for processor 'microblaze_0' is selected.
17:58:11 INFO  : The application 'C:/Users/mzxu2/Downloads/lab62/mb_usb/Debug/mb_usb.elf' is downloaded to processor 'microblaze_0'.
17:58:11 INFO  : ----------------XSDB Script----------------
connect -url tcp:127.0.0.1:3121
targets -set -filter {jtag_cable_name =~ "RealDigital Boo 887100000000A" && level==0 && jtag_device_ctx=="jsn1-0362f093-0"}
fpga -file C:/Users/mzxu2/Downloads/lab62/mb_usb/_ide/bitstream/mb_usb_hdmi_top.bit
targets -set -nocase -filter {name =~ "*microblaze*#0" && bscan=="USER2" }
loadhw -hw C:/Users/mzxu2/Downloads/lab62/mb_usb_hdmi_top/export/mb_usb_hdmi_top/hw/mb_usb_hdmi_top.xsa -regs
configparams mdm-detect-bscan-mask 2
targets -set -nocase -filter {name =~ "*microblaze*#0" && bscan=="USER2" }
rst -system
after 3000
targets -set -nocase -filter {name =~ "*microblaze*#0" && bscan=="USER2" }
dow C:/Users/mzxu2/Downloads/lab62/mb_usb/Debug/mb_usb.elf
----------------End of Script----------------

17:58:12 INFO  : Context for processor 'microblaze_0' is selected.
17:58:12 INFO  : 'con' command is executed.
17:58:12 INFO  : ----------------XSDB Script (After Launch)----------------
targets -set -nocase -filter {name =~ "*microblaze*#0" && bscan=="USER2" }
con
----------------End of Script----------------

17:58:12 INFO  : Launch script is exported to file 'C:\Users\mzxu2\Downloads\lab62\mb_usb_system\_ide\scripts\debugger_mb_usb-default.tcl'
18:03:09 INFO  : Hardware specification for platform project 'mb_usb_hdmi_top' is updated.
18:03:23 INFO  : Result from executing command 'getProjects': mb_usb_hdmi_top
18:03:23 INFO  : Result from executing command 'getPlatforms': mb_usb_hdmi_top|C:/Users/mzxu2/Downloads/lab62/mb_usb_hdmi_top/export/mb_usb_hdmi_top/mb_usb_hdmi_top.xpfm;xilinx_vck190_base_202220_1|C:/Xilinx/Vitis/2022.2/base_platforms/xilinx_vck190_base_202220_1/xilinx_vck190_base_202220_1.xpfm;xilinx_vck190_base_dfx_202220_1|C:/Xilinx/Vitis/2022.2/base_platforms/xilinx_vck190_base_dfx_202220_1/xilinx_vck190_base_dfx_202220_1.xpfm;xilinx_vmk180_base_202220_1|C:/Xilinx/Vitis/2022.2/base_platforms/xilinx_vmk180_base_202220_1/xilinx_vmk180_base_202220_1.xpfm;xilinx_zcu102_base_202220_1|C:/Xilinx/Vitis/2022.2/base_platforms/xilinx_zcu102_base_202220_1/xilinx_zcu102_base_202220_1.xpfm;xilinx_zcu102_base_dfx_202220_1|C:/Xilinx/Vitis/2022.2/base_platforms/xilinx_zcu102_base_dfx_202220_1/xilinx_zcu102_base_dfx_202220_1.xpfm;xilinx_zcu104_base_202220_1|C:/Xilinx/Vitis/2022.2/base_platforms/xilinx_zcu104_base_202220_1/xilinx_zcu104_base_202220_1.xpfm
18:03:24 INFO  : Checking for BSP changes to sync application flags for project 'mb_usb'...
18:03:28 INFO  : The hardware specification used by project 'mb_usb' is out of sync with the platform. Resource files extracted from the hardware specification will be updated.
18:03:28 INFO  : The file 'C:\Users\mzxu2\Downloads\lab62\mb_usb\_ide\bitstream\mb_usb_hdmi_top.bit' stored in project is removed.
18:03:28 INFO  : The file 'C:\Users\mzxu2\Downloads\lab62\mb_usb\_ide\bitstream\mb_usb_hdmi_top.mmi' stored in project is removed.
18:03:28 INFO  : The updated bitstream files are copied from platform to folder 'C:\Users\mzxu2\Downloads\lab62\mb_usb\_ide\bitstream' in project 'mb_usb'.
18:03:31 INFO  : Disconnected from the channel tcfchan#1.
18:03:32 INFO  : Connected to target on host '127.0.0.1' and port '3121'.
18:03:32 INFO  : Jtag cable 'RealDigital Boo 887100000000A' is selected.
18:03:32 INFO  : 'jtag frequency' command is executed.
18:03:32 INFO  : 'targets -set -filter {jtag_cable_name =~ "RealDigital Boo 887100000000A" && level==0 && jtag_device_ctx=="jsn1-0362f093-0"}' command is executed.
18:03:34 INFO  : Device configured successfully with "C:/Users/mzxu2/Downloads/lab62/mb_usb/_ide/bitstream/mb_usb_hdmi_top.bit"
18:03:34 INFO  : Context for processor 'microblaze_0' is selected.
18:03:34 INFO  : Hardware design and registers information is loaded from 'C:/Users/mzxu2/Downloads/lab62/mb_usb_hdmi_top/export/mb_usb_hdmi_top/hw/mb_usb_hdmi_top.xsa'.
18:03:34 INFO  : 'configparams mdm-detect-bscan-mask 2' command is executed.
18:03:34 INFO  : Context for processor 'microblaze_0' is selected.
18:03:34 INFO  : System reset is completed.
18:03:37 INFO  : 'after 3000' command is executed.
18:03:37 INFO  : Context for processor 'microblaze_0' is selected.
18:03:37 INFO  : The application 'C:/Users/mzxu2/Downloads/lab62/mb_usb/Debug/mb_usb.elf' is downloaded to processor 'microblaze_0'.
18:03:37 INFO  : ----------------XSDB Script----------------
connect -url tcp:127.0.0.1:3121
targets -set -filter {jtag_cable_name =~ "RealDigital Boo 887100000000A" && level==0 && jtag_device_ctx=="jsn1-0362f093-0"}
fpga -file C:/Users/mzxu2/Downloads/lab62/mb_usb/_ide/bitstream/mb_usb_hdmi_top.bit
targets -set -nocase -filter {name =~ "*microblaze*#0" && bscan=="USER2" }
loadhw -hw C:/Users/mzxu2/Downloads/lab62/mb_usb_hdmi_top/export/mb_usb_hdmi_top/hw/mb_usb_hdmi_top.xsa -regs
configparams mdm-detect-bscan-mask 2
targets -set -nocase -filter {name =~ "*microblaze*#0" && bscan=="USER2" }
rst -system
after 3000
targets -set -nocase -filter {name =~ "*microblaze*#0" && bscan=="USER2" }
dow C:/Users/mzxu2/Downloads/lab62/mb_usb/Debug/mb_usb.elf
----------------End of Script----------------

18:03:37 INFO  : Context for processor 'microblaze_0' is selected.
18:03:37 INFO  : 'con' command is executed.
18:03:37 INFO  : ----------------XSDB Script (After Launch)----------------
targets -set -nocase -filter {name =~ "*microblaze*#0" && bscan=="USER2" }
con
----------------End of Script----------------

18:03:37 INFO  : Launch script is exported to file 'C:\Users\mzxu2\Downloads\lab62\mb_usb_system\_ide\scripts\debugger_mb_usb-default.tcl'
18:22:33 INFO  : Hardware specification for platform project 'mb_usb_hdmi_top' is updated.
18:22:49 INFO  : Result from executing command 'getProjects': mb_usb_hdmi_top
18:22:49 INFO  : Result from executing command 'getPlatforms': xilinx_vck190_base_202220_1|C:/Xilinx/Vitis/2022.2/base_platforms/xilinx_vck190_base_202220_1/xilinx_vck190_base_202220_1.xpfm;xilinx_vck190_base_dfx_202220_1|C:/Xilinx/Vitis/2022.2/base_platforms/xilinx_vck190_base_dfx_202220_1/xilinx_vck190_base_dfx_202220_1.xpfm;xilinx_vmk180_base_202220_1|C:/Xilinx/Vitis/2022.2/base_platforms/xilinx_vmk180_base_202220_1/xilinx_vmk180_base_202220_1.xpfm;xilinx_zcu102_base_202220_1|C:/Xilinx/Vitis/2022.2/base_platforms/xilinx_zcu102_base_202220_1/xilinx_zcu102_base_202220_1.xpfm;xilinx_zcu102_base_dfx_202220_1|C:/Xilinx/Vitis/2022.2/base_platforms/xilinx_zcu102_base_dfx_202220_1/xilinx_zcu102_base_dfx_202220_1.xpfm;xilinx_zcu104_base_202220_1|C:/Xilinx/Vitis/2022.2/base_platforms/xilinx_zcu104_base_202220_1/xilinx_zcu104_base_202220_1.xpfm
18:22:50 INFO  : Checking for BSP changes to sync application flags for project 'mb_usb'...
18:22:53 INFO  : The hardware specification used by project 'mb_usb' is out of sync with the platform. Resource files extracted from the hardware specification will be updated.
18:22:53 INFO  : The file 'C:\Users\mzxu2\Downloads\lab62\mb_usb\_ide\bitstream\mb_usb_hdmi_top.bit' stored in project is removed.
18:22:53 INFO  : The file 'C:\Users\mzxu2\Downloads\lab62\mb_usb\_ide\bitstream\mb_usb_hdmi_top.mmi' stored in project is removed.
18:22:53 INFO  : The updated bitstream files are copied from platform to folder 'C:\Users\mzxu2\Downloads\lab62\mb_usb\_ide\bitstream' in project 'mb_usb'.
18:23:13 INFO  : Disconnected from the channel tcfchan#3.
18:23:14 INFO  : Connected to target on host '127.0.0.1' and port '3121'.
18:23:14 INFO  : Jtag cable 'RealDigital Boo 887100000000A' is selected.
18:23:14 INFO  : 'jtag frequency' command is executed.
18:23:17 ERROR : no targets found with "jtag_cable_name =~ "RealDigital Boo 887100000000A" && level==0 && jtag_device_ctx=="jsn1-0362f093-0"". available targets:
  1  xc7s50
     2  MicroBlaze Debug Module at USER2
        3  MicroBlaze #0 (Running)
18:23:17 ERROR : Exception occured while running Program Device.
java.lang.RuntimeException: no targets found with "jtag_cable_name =~ "RealDigital Boo 887100000000A" && level==0 && jtag_device_ctx=="jsn1-0362f093-0"". available targets:
  1  xc7s50
     2  MicroBlaze Debug Module at USER2
        3  MicroBlaze #0 (Running)
18:23:17 INFO  : ----------------XSDB Script----------------
connect -url tcp:127.0.0.1:3121
----------------End of Script----------------

18:23:17 ERROR : no targets found with "jtag_cable_name =~ "RealDigital Boo 887100000000A" && level==0 && jtag_device_ctx=="jsn1-0362f093-0"". available targets:
  1  xc7s50
     2  MicroBlaze Debug Module at USER2
        3  MicroBlaze #0 (Running)
18:23:20 INFO  : Connected to target on host '127.0.0.1' and port '3121'.
18:23:20 INFO  : Jtag cable 'RealDigital Boo 887100000000A' is selected.
18:23:20 INFO  : 'jtag frequency' command is executed.
18:23:23 ERROR : no targets found with "jtag_cable_name =~ "RealDigital Boo 887100000000A" && level==0 && jtag_device_ctx=="jsn1-0362f093-0"". available targets:
  1  xc7s50
     2  MicroBlaze Debug Module at USER2
        3  MicroBlaze #0 (Running)
18:23:23 ERROR : Exception occured while running Program Device.
java.lang.RuntimeException: no targets found with "jtag_cable_name =~ "RealDigital Boo 887100000000A" && level==0 && jtag_device_ctx=="jsn1-0362f093-0"". available targets:
  1  xc7s50
     2  MicroBlaze Debug Module at USER2
        3  MicroBlaze #0 (Running)
18:23:23 INFO  : ----------------XSDB Script----------------
connect -url tcp:127.0.0.1:3121
----------------End of Script----------------

18:23:23 ERROR : no targets found with "jtag_cable_name =~ "RealDigital Boo 887100000000A" && level==0 && jtag_device_ctx=="jsn1-0362f093-0"". available targets:
  1  xc7s50
     2  MicroBlaze Debug Module at USER2
        3  MicroBlaze #0 (Running)
18:23:40 DEBUG : Logs will be stored at 'C:/Users/mzxu2/Downloads/lab62/IDE.log'.
18:23:41 INFO  : Launching XSCT server: xsct.bat -n  -interactive C:\Users\mzxu2\Downloads\lab62\temp_xsdb_launch_script.tcl
18:23:44 INFO  : Registering command handlers for Vitis TCF services
18:23:44 INFO  : XSCT server has started successfully.
18:23:44 INFO  : Successfully done setting XSCT server connection channel  
18:23:44 INFO  : plnx-install-location is set to ''
18:23:44 INFO  : Successfully done query RDI_DATADIR 
18:23:44 INFO  : Successfully done setting workspace for the tool. 
18:23:44 INFO  : Platform repository initialization has completed.
18:23:48 INFO  : Connected to target on host '127.0.0.1' and port '3121'.
18:23:49 INFO  : Jtag cable 'RealDigital Boo 887100000000A' is selected.
18:23:49 INFO  : 'jtag frequency' command is executed.
18:23:49 INFO  : 'targets -set -filter {jtag_cable_name =~ "RealDigital Boo 887100000000A" && level==0 && jtag_device_ctx=="jsn1-0362f093-0"}' command is executed.
18:23:50 INFO  : Device configured successfully with "C:/Users/mzxu2/Downloads/lab62/mb_usb/_ide/bitstream/mb_usb_hdmi_top.bit"
18:23:50 INFO  : Context for processor 'microblaze_0' is selected.
18:23:50 INFO  : Hardware design and registers information is loaded from 'C:/Users/mzxu2/Downloads/lab62/mb_usb_hdmi_top/export/mb_usb_hdmi_top/hw/mb_usb_hdmi_top.xsa'.
18:23:50 INFO  : 'configparams mdm-detect-bscan-mask 2' command is executed.
18:23:50 INFO  : Context for processor 'microblaze_0' is selected.
18:23:50 INFO  : System reset is completed.
18:23:53 INFO  : 'after 3000' command is executed.
18:23:53 INFO  : Context for processor 'microblaze_0' is selected.
18:23:54 INFO  : The application 'C:/Users/mzxu2/Downloads/lab62/mb_usb/Debug/mb_usb.elf' is downloaded to processor 'microblaze_0'.
18:23:54 INFO  : ----------------XSDB Script----------------
connect -url tcp:127.0.0.1:3121
targets -set -filter {jtag_cable_name =~ "RealDigital Boo 887100000000A" && level==0 && jtag_device_ctx=="jsn1-0362f093-0"}
fpga -file C:/Users/mzxu2/Downloads/lab62/mb_usb/_ide/bitstream/mb_usb_hdmi_top.bit
targets -set -nocase -filter {name =~ "*microblaze*#0" && bscan=="USER2" }
loadhw -hw C:/Users/mzxu2/Downloads/lab62/mb_usb_hdmi_top/export/mb_usb_hdmi_top/hw/mb_usb_hdmi_top.xsa -regs
configparams mdm-detect-bscan-mask 2
targets -set -nocase -filter {name =~ "*microblaze*#0" && bscan=="USER2" }
rst -system
after 3000
targets -set -nocase -filter {name =~ "*microblaze*#0" && bscan=="USER2" }
dow C:/Users/mzxu2/Downloads/lab62/mb_usb/Debug/mb_usb.elf
----------------End of Script----------------

18:23:54 INFO  : Context for processor 'microblaze_0' is selected.
18:23:54 INFO  : 'con' command is executed.
18:23:54 INFO  : ----------------XSDB Script (After Launch)----------------
targets -set -nocase -filter {name =~ "*microblaze*#0" && bscan=="USER2" }
con
----------------End of Script----------------

18:23:54 INFO  : Launch script is exported to file 'C:\Users\mzxu2\Downloads\lab62\mb_usb_system\_ide\scripts\debugger_mb_usb-default.tcl'
18:23:55 INFO  : Disconnected from the channel tcfchan#1.
18:23:56 INFO  : Connected to target on host '127.0.0.1' and port '3121'.
18:23:56 INFO  : Jtag cable 'RealDigital Boo 887100000000A' is selected.
18:23:56 INFO  : 'jtag frequency' command is executed.
18:23:56 INFO  : 'targets -set -filter {jtag_cable_name =~ "RealDigital Boo 887100000000A" && level==0 && jtag_device_ctx=="jsn1-0362f093-0"}' command is executed.
18:23:57 INFO  : Device configured successfully with "C:/Users/mzxu2/Downloads/lab62/mb_usb/_ide/bitstream/mb_usb_hdmi_top.bit"
18:23:57 INFO  : Context for processor 'microblaze_0' is selected.
18:23:57 INFO  : Hardware design and registers information is loaded from 'C:/Users/mzxu2/Downloads/lab62/mb_usb_hdmi_top/export/mb_usb_hdmi_top/hw/mb_usb_hdmi_top.xsa'.
18:23:57 INFO  : 'configparams mdm-detect-bscan-mask 2' command is executed.
18:23:57 INFO  : Context for processor 'microblaze_0' is selected.
18:23:57 INFO  : System reset is completed.
18:24:00 INFO  : 'after 3000' command is executed.
18:24:00 INFO  : Context for processor 'microblaze_0' is selected.
18:24:01 INFO  : The application 'C:/Users/mzxu2/Downloads/lab62/mb_usb/Debug/mb_usb.elf' is downloaded to processor 'microblaze_0'.
18:24:01 INFO  : ----------------XSDB Script----------------
connect -url tcp:127.0.0.1:3121
targets -set -filter {jtag_cable_name =~ "RealDigital Boo 887100000000A" && level==0 && jtag_device_ctx=="jsn1-0362f093-0"}
fpga -file C:/Users/mzxu2/Downloads/lab62/mb_usb/_ide/bitstream/mb_usb_hdmi_top.bit
targets -set -nocase -filter {name =~ "*microblaze*#0" && bscan=="USER2" }
loadhw -hw C:/Users/mzxu2/Downloads/lab62/mb_usb_hdmi_top/export/mb_usb_hdmi_top/hw/mb_usb_hdmi_top.xsa -regs
configparams mdm-detect-bscan-mask 2
targets -set -nocase -filter {name =~ "*microblaze*#0" && bscan=="USER2" }
rst -system
after 3000
targets -set -nocase -filter {name =~ "*microblaze*#0" && bscan=="USER2" }
dow C:/Users/mzxu2/Downloads/lab62/mb_usb/Debug/mb_usb.elf
----------------End of Script----------------

18:24:01 INFO  : Context for processor 'microblaze_0' is selected.
18:24:01 INFO  : 'con' command is executed.
18:24:01 INFO  : ----------------XSDB Script (After Launch)----------------
targets -set -nocase -filter {name =~ "*microblaze*#0" && bscan=="USER2" }
con
----------------End of Script----------------

18:24:01 INFO  : Launch script is exported to file 'C:\Users\mzxu2\Downloads\lab62\mb_usb_system\_ide\scripts\debugger_mb_usb-default.tcl'
18:24:11 INFO  : Disconnected from the channel tcfchan#2.
18:24:12 INFO  : Connected to target on host '127.0.0.1' and port '3121'.
18:24:13 INFO  : Jtag cable 'RealDigital Boo 887100000000A' is selected.
18:24:13 INFO  : 'jtag frequency' command is executed.
18:24:13 INFO  : 'targets -set -filter {jtag_cable_name =~ "RealDigital Boo 887100000000A" && level==0 && jtag_device_ctx=="jsn1-0362f093-0"}' command is executed.
18:24:14 INFO  : Device configured successfully with "C:/Users/mzxu2/Downloads/lab62/mb_usb/_ide/bitstream/mb_usb_hdmi_top.bit"
18:24:14 INFO  : Context for processor 'microblaze_0' is selected.
18:24:14 INFO  : Hardware design and registers information is loaded from 'C:/Users/mzxu2/Downloads/lab62/mb_usb_hdmi_top/export/mb_usb_hdmi_top/hw/mb_usb_hdmi_top.xsa'.
18:24:14 INFO  : 'configparams mdm-detect-bscan-mask 2' command is executed.
18:24:14 INFO  : Context for processor 'microblaze_0' is selected.
18:24:14 INFO  : System reset is completed.
18:24:17 INFO  : 'after 3000' command is executed.
18:24:17 INFO  : Context for processor 'microblaze_0' is selected.
18:24:17 INFO  : The application 'C:/Users/mzxu2/Downloads/lab62/mb_usb/Debug/mb_usb.elf' is downloaded to processor 'microblaze_0'.
18:24:17 INFO  : ----------------XSDB Script----------------
connect -url tcp:127.0.0.1:3121
targets -set -filter {jtag_cable_name =~ "RealDigital Boo 887100000000A" && level==0 && jtag_device_ctx=="jsn1-0362f093-0"}
fpga -file C:/Users/mzxu2/Downloads/lab62/mb_usb/_ide/bitstream/mb_usb_hdmi_top.bit
targets -set -nocase -filter {name =~ "*microblaze*#0" && bscan=="USER2" }
loadhw -hw C:/Users/mzxu2/Downloads/lab62/mb_usb_hdmi_top/export/mb_usb_hdmi_top/hw/mb_usb_hdmi_top.xsa -regs
configparams mdm-detect-bscan-mask 2
targets -set -nocase -filter {name =~ "*microblaze*#0" && bscan=="USER2" }
rst -system
after 3000
targets -set -nocase -filter {name =~ "*microblaze*#0" && bscan=="USER2" }
dow C:/Users/mzxu2/Downloads/lab62/mb_usb/Debug/mb_usb.elf
----------------End of Script----------------

18:24:17 INFO  : Context for processor 'microblaze_0' is selected.
18:24:17 INFO  : 'con' command is executed.
18:24:17 INFO  : ----------------XSDB Script (After Launch)----------------
targets -set -nocase -filter {name =~ "*microblaze*#0" && bscan=="USER2" }
con
----------------End of Script----------------

18:24:17 INFO  : Launch script is exported to file 'C:\Users\mzxu2\Downloads\lab62\mb_usb_system\_ide\scripts\debugger_mb_usb-default.tcl'
18:29:08 INFO  : Hardware specification for platform project 'mb_usb_hdmi_top' is updated.
18:29:23 INFO  : Result from executing command 'getProjects': mb_usb_hdmi_top
18:29:23 INFO  : Result from executing command 'getPlatforms': mb_usb_hdmi_top|C:/Users/mzxu2/Downloads/lab62/mb_usb_hdmi_top/export/mb_usb_hdmi_top/mb_usb_hdmi_top.xpfm;xilinx_vck190_base_202220_1|C:/Xilinx/Vitis/2022.2/base_platforms/xilinx_vck190_base_202220_1/xilinx_vck190_base_202220_1.xpfm;xilinx_vck190_base_dfx_202220_1|C:/Xilinx/Vitis/2022.2/base_platforms/xilinx_vck190_base_dfx_202220_1/xilinx_vck190_base_dfx_202220_1.xpfm;xilinx_vmk180_base_202220_1|C:/Xilinx/Vitis/2022.2/base_platforms/xilinx_vmk180_base_202220_1/xilinx_vmk180_base_202220_1.xpfm;xilinx_zcu102_base_202220_1|C:/Xilinx/Vitis/2022.2/base_platforms/xilinx_zcu102_base_202220_1/xilinx_zcu102_base_202220_1.xpfm;xilinx_zcu102_base_dfx_202220_1|C:/Xilinx/Vitis/2022.2/base_platforms/xilinx_zcu102_base_dfx_202220_1/xilinx_zcu102_base_dfx_202220_1.xpfm;xilinx_zcu104_base_202220_1|C:/Xilinx/Vitis/2022.2/base_platforms/xilinx_zcu104_base_202220_1/xilinx_zcu104_base_202220_1.xpfm
18:29:24 INFO  : Checking for BSP changes to sync application flags for project 'mb_usb'...
18:29:28 INFO  : The hardware specification used by project 'mb_usb' is out of sync with the platform. Resource files extracted from the hardware specification will be updated.
18:29:28 INFO  : The file 'C:\Users\mzxu2\Downloads\lab62\mb_usb\_ide\bitstream\mb_usb_hdmi_top.bit' stored in project is removed.
18:29:28 INFO  : The file 'C:\Users\mzxu2\Downloads\lab62\mb_usb\_ide\bitstream\mb_usb_hdmi_top.mmi' stored in project is removed.
18:29:28 INFO  : The updated bitstream files are copied from platform to folder 'C:\Users\mzxu2\Downloads\lab62\mb_usb\_ide\bitstream' in project 'mb_usb'.
18:29:33 INFO  : Disconnected from the channel tcfchan#3.
18:29:34 INFO  : Connected to target on host '127.0.0.1' and port '3121'.
18:29:34 INFO  : Jtag cable 'RealDigital Boo 887100000000A' is selected.
18:29:34 INFO  : 'jtag frequency' command is executed.
18:29:34 INFO  : 'targets -set -filter {jtag_cable_name =~ "RealDigital Boo 887100000000A" && level==0 && jtag_device_ctx=="jsn1-0362f093-0"}' command is executed.
18:29:35 INFO  : Device configured successfully with "C:/Users/mzxu2/Downloads/lab62/mb_usb/_ide/bitstream/mb_usb_hdmi_top.bit"
18:29:35 INFO  : Context for processor 'microblaze_0' is selected.
18:29:35 INFO  : Hardware design and registers information is loaded from 'C:/Users/mzxu2/Downloads/lab62/mb_usb_hdmi_top/export/mb_usb_hdmi_top/hw/mb_usb_hdmi_top.xsa'.
18:29:35 INFO  : 'configparams mdm-detect-bscan-mask 2' command is executed.
18:29:35 INFO  : Context for processor 'microblaze_0' is selected.
18:29:35 INFO  : System reset is completed.
18:29:38 INFO  : 'after 3000' command is executed.
18:29:38 INFO  : Context for processor 'microblaze_0' is selected.
18:29:39 INFO  : The application 'C:/Users/mzxu2/Downloads/lab62/mb_usb/Debug/mb_usb.elf' is downloaded to processor 'microblaze_0'.
18:29:39 INFO  : ----------------XSDB Script----------------
connect -url tcp:127.0.0.1:3121
targets -set -filter {jtag_cable_name =~ "RealDigital Boo 887100000000A" && level==0 && jtag_device_ctx=="jsn1-0362f093-0"}
fpga -file C:/Users/mzxu2/Downloads/lab62/mb_usb/_ide/bitstream/mb_usb_hdmi_top.bit
targets -set -nocase -filter {name =~ "*microblaze*#0" && bscan=="USER2" }
loadhw -hw C:/Users/mzxu2/Downloads/lab62/mb_usb_hdmi_top/export/mb_usb_hdmi_top/hw/mb_usb_hdmi_top.xsa -regs
configparams mdm-detect-bscan-mask 2
targets -set -nocase -filter {name =~ "*microblaze*#0" && bscan=="USER2" }
rst -system
after 3000
targets -set -nocase -filter {name =~ "*microblaze*#0" && bscan=="USER2" }
dow C:/Users/mzxu2/Downloads/lab62/mb_usb/Debug/mb_usb.elf
----------------End of Script----------------

18:29:39 INFO  : Context for processor 'microblaze_0' is selected.
18:29:39 INFO  : 'con' command is executed.
18:29:39 INFO  : ----------------XSDB Script (After Launch)----------------
targets -set -nocase -filter {name =~ "*microblaze*#0" && bscan=="USER2" }
con
----------------End of Script----------------

18:29:39 INFO  : Launch script is exported to file 'C:\Users\mzxu2\Downloads\lab62\mb_usb_system\_ide\scripts\debugger_mb_usb-default.tcl'
18:30:05 INFO  : Disconnected from the channel tcfchan#5.
17:01:21 DEBUG : Logs will be stored at 'C:/Users/mzxu2/Downloads/lab62-20250502T212246Z-001/lab62/IDE.log'.
