21:19:41 DEBUG : Logs will be stored at 'C:/Users/micha/lab62/sdk/IDE.log'.
21:19:46 INFO  : Launching XSCT server: xsct.bat -n  -interactive C:\Users\micha\lab62\sdk\temp_xsdb_launch_script.tcl
21:19:46 INFO  : Platform repository initialization has completed.
21:19:46 INFO  : Registering command handlers for Vitis TCF services
21:19:49 INFO  : XSCT server has started successfully.
21:19:49 INFO  : Successfully done setting XSCT server connection channel  
21:19:49 INFO  : plnx-install-location is set to ''
21:19:49 INFO  : Successfully done setting workspace for the tool. 
21:19:49 INFO  : Successfully done query RDI_DATADIR 
21:37:01 DEBUG : Logs will be stored at 'C:/Users/micha/lab62/sdk/IDE.log'.
21:37:04 INFO  : Launching XSCT server: xsct.bat -n  -interactive C:\Users\micha\lab62\sdk\temp_xsdb_launch_script.tcl
21:37:05 INFO  : Platform repository initialization has completed.
21:37:05 INFO  : Registering command handlers for Vitis TCF services
21:37:08 INFO  : XSCT server has started successfully.
21:37:08 INFO  : Successfully done setting XSCT server connection channel  
21:37:08 INFO  : plnx-install-location is set to ''
21:37:08 INFO  : Successfully done query RDI_DATADIR 
21:37:08 INFO  : Successfully done setting workspace for the tool. 
21:38:47 INFO  : Result from executing command 'getProjects': mb_usb_hdmi_top
21:38:47 INFO  : Result from executing command 'getPlatforms': 
21:38:47 WARN  : An unexpected exception occurred in the module 'platform project logging'
21:38:47 INFO  : Platform 'mb_usb_hdmi_top' is added to custom repositories.
21:38:51 INFO  : Platform 'mb_usb_hdmi_top' is added to custom repositories.
21:47:11 INFO  : Result from executing command 'removePlatformRepo': 
21:47:29 INFO  : Result from executing command 'getProjects': mb_usb_hdmi_top
21:47:29 INFO  : Result from executing command 'getPlatforms': 
21:47:29 INFO  : Checking for BSP changes to sync application flags for project 'ballbounce'...
21:49:50 INFO  : Result from executing command 'removePlatformRepo': 
21:50:06 INFO  : Result from executing command 'getProjects': mb_usb_hdmi_top
21:50:06 INFO  : Result from executing command 'getPlatforms': 
21:50:07 INFO  : Checking for BSP changes to sync application flags for project 'ballbounce'...
21:50:51 INFO  : Connected to target on host '127.0.0.1' and port '3121'.
21:50:52 INFO  : Jtag cable 'RealDigital Boo 887100000000A' is selected.
21:50:52 INFO  : 'jtag frequency' command is executed.
21:50:52 INFO  : 'targets -set -filter {jtag_cable_name =~ "RealDigital Boo 887100000000A" && level==0 && jtag_device_ctx=="jsn1-0362f093-0"}' command is executed.
21:50:53 INFO  : Device configured successfully with "C:/Users/micha/lab62/sdk/ballbounce/_ide/bitstream/mb_usb_hdmi_top.bit"
21:50:53 INFO  : Context for processor 'microblaze_0' is selected.
21:50:53 INFO  : Hardware design and registers information is loaded from 'C:/Users/micha/lab62/sdk/mb_usb_hdmi_top/export/mb_usb_hdmi_top/hw/mb_usb_hdmi_top.xsa'.
21:50:54 INFO  : 'configparams mdm-detect-bscan-mask 2' command is executed.
21:50:54 INFO  : Context for processor 'microblaze_0' is selected.
21:50:54 INFO  : System reset is completed.
21:50:57 INFO  : 'after 3000' command is executed.
21:50:57 INFO  : Context for processor 'microblaze_0' is selected.
21:50:57 INFO  : The application 'C:/Users/micha/lab62/sdk/ballbounce/Debug/ballbounce.elf' is downloaded to processor 'microblaze_0'.
21:50:57 INFO  : ----------------XSDB Script----------------
connect -url tcp:127.0.0.1:3121
targets -set -filter {jtag_cable_name =~ "RealDigital Boo 887100000000A" && level==0 && jtag_device_ctx=="jsn1-0362f093-0"}
fpga -file C:/Users/micha/lab62/sdk/ballbounce/_ide/bitstream/mb_usb_hdmi_top.bit
targets -set -nocase -filter {name =~ "*microblaze*#0" && bscan=="USER2" }
loadhw -hw C:/Users/micha/lab62/sdk/mb_usb_hdmi_top/export/mb_usb_hdmi_top/hw/mb_usb_hdmi_top.xsa -regs
configparams mdm-detect-bscan-mask 2
targets -set -nocase -filter {name =~ "*microblaze*#0" && bscan=="USER2" }
rst -system
after 3000
targets -set -nocase -filter {name =~ "*microblaze*#0" && bscan=="USER2" }
dow C:/Users/micha/lab62/sdk/ballbounce/Debug/ballbounce.elf
----------------End of Script----------------

21:50:57 INFO  : Context for processor 'microblaze_0' is selected.
21:50:57 INFO  : 'con' command is executed.
21:50:57 INFO  : ----------------XSDB Script (After Launch)----------------
targets -set -nocase -filter {name =~ "*microblaze*#0" && bscan=="USER2" }
con
----------------End of Script----------------

21:50:57 INFO  : Launch script is exported to file 'C:\Users\micha\lab62\sdk\ballbounce_system\_ide\scripts\debugger_ballbounce-default.tcl'
21:51:27 INFO  : Disconnected from the channel tcfchan#5.
21:51:28 INFO  : Connected to target on host '127.0.0.1' and port '3121'.
21:51:37 INFO  : ----------------XSDB Script----------------
connect -url tcp:127.0.0.1:3121
----------------End of Script----------------

21:51:37 ERROR : Could not find FPGA device on the board for connection 'Local'.


Troubleshooting hints:
1. Check whether board is connected to system properly.
2. In case of zynq board, check whether Digilent/Xilinx cable switch settings are correct.
3. If you are using Xilinx Platform Cable USB, ensure that status LED is green.
22:02:09 INFO  : Connected to target on host '127.0.0.1' and port '3121'.
22:02:09 INFO  : Jtag cable 'RealDigital Boo 887100000000A' is selected.
22:02:09 INFO  : 'jtag frequency' command is executed.
22:02:09 INFO  : 'targets -set -filter {jtag_cable_name =~ "RealDigital Boo 887100000000A" && level==0 && jtag_device_ctx=="jsn1-0362f093-0"}' command is executed.
22:02:10 INFO  : Device configured successfully with "C:/Users/micha/lab62/sdk/ballbounce/_ide/bitstream/mb_usb_hdmi_top.bit"
22:02:10 INFO  : Context for processor 'microblaze_0' is selected.
22:02:10 INFO  : Hardware design and registers information is loaded from 'C:/Users/micha/lab62/sdk/mb_usb_hdmi_top/export/mb_usb_hdmi_top/hw/mb_usb_hdmi_top.xsa'.
22:02:11 INFO  : 'configparams mdm-detect-bscan-mask 2' command is executed.
22:02:11 INFO  : Context for processor 'microblaze_0' is selected.
22:02:11 INFO  : System reset is completed.
22:02:14 INFO  : 'after 3000' command is executed.
22:02:14 INFO  : Context for processor 'microblaze_0' is selected.
22:02:14 INFO  : The application 'C:/Users/micha/lab62/sdk/ballbounce/Debug/ballbounce.elf' is downloaded to processor 'microblaze_0'.
22:02:14 INFO  : ----------------XSDB Script----------------
connect -url tcp:127.0.0.1:3121
targets -set -filter {jtag_cable_name =~ "RealDigital Boo 887100000000A" && level==0 && jtag_device_ctx=="jsn1-0362f093-0"}
fpga -file C:/Users/micha/lab62/sdk/ballbounce/_ide/bitstream/mb_usb_hdmi_top.bit
targets -set -nocase -filter {name =~ "*microblaze*#0" && bscan=="USER2" }
loadhw -hw C:/Users/micha/lab62/sdk/mb_usb_hdmi_top/export/mb_usb_hdmi_top/hw/mb_usb_hdmi_top.xsa -regs
configparams mdm-detect-bscan-mask 2
targets -set -nocase -filter {name =~ "*microblaze*#0" && bscan=="USER2" }
rst -system
after 3000
targets -set -nocase -filter {name =~ "*microblaze*#0" && bscan=="USER2" }
dow C:/Users/micha/lab62/sdk/ballbounce/Debug/ballbounce.elf
----------------End of Script----------------

22:02:14 INFO  : Context for processor 'microblaze_0' is selected.
22:02:14 INFO  : 'con' command is executed.
22:02:14 INFO  : ----------------XSDB Script (After Launch)----------------
targets -set -nocase -filter {name =~ "*microblaze*#0" && bscan=="USER2" }
con
----------------End of Script----------------

22:02:14 INFO  : Launch script is exported to file 'C:\Users\micha\lab62\sdk\ballbounce_system\_ide\scripts\debugger_ballbounce-default.tcl'
22:02:18 INFO  : Disconnected from the channel tcfchan#6.
22:02:19 INFO  : Connected to target on host '127.0.0.1' and port '3121'.
22:02:28 INFO  : ----------------XSDB Script----------------
connect -url tcp:127.0.0.1:3121
----------------End of Script----------------

22:02:28 ERROR : Could not find FPGA device on the board for connection 'Local'.


Troubleshooting hints:
1. Check whether board is connected to system properly.
2. In case of zynq board, check whether Digilent/Xilinx cable switch settings are correct.
3. If you are using Xilinx Platform Cable USB, ensure that status LED is green.
22:02:49 INFO  : Connected to target on host '127.0.0.1' and port '3121'.
22:02:49 INFO  : Jtag cable 'RealDigital Boo 887100000000A' is selected.
22:02:49 INFO  : 'jtag frequency' command is executed.
22:02:49 INFO  : 'targets -set -filter {jtag_cable_name =~ "RealDigital Boo 887100000000A" && level==0 && jtag_device_ctx=="jsn1-0362f093-0"}' command is executed.
22:02:50 INFO  : Device configured successfully with "C:/Users/micha/lab62/sdk/ballbounce/_ide/bitstream/mb_usb_hdmi_top.bit"
22:02:50 INFO  : Context for processor 'microblaze_0' is selected.
22:02:51 INFO  : Hardware design and registers information is loaded from 'C:/Users/micha/lab62/sdk/mb_usb_hdmi_top/export/mb_usb_hdmi_top/hw/mb_usb_hdmi_top.xsa'.
22:02:51 INFO  : 'configparams mdm-detect-bscan-mask 2' command is executed.
22:02:51 INFO  : Context for processor 'microblaze_0' is selected.
22:02:51 INFO  : System reset is completed.
22:02:54 INFO  : 'after 3000' command is executed.
22:02:54 INFO  : Context for processor 'microblaze_0' is selected.
22:02:54 INFO  : The application 'C:/Users/micha/lab62/sdk/ballbounce/Debug/ballbounce.elf' is downloaded to processor 'microblaze_0'.
22:02:54 INFO  : ----------------XSDB Script----------------
connect -url tcp:127.0.0.1:3121
targets -set -filter {jtag_cable_name =~ "RealDigital Boo 887100000000A" && level==0 && jtag_device_ctx=="jsn1-0362f093-0"}
fpga -file C:/Users/micha/lab62/sdk/ballbounce/_ide/bitstream/mb_usb_hdmi_top.bit
targets -set -nocase -filter {name =~ "*microblaze*#0" && bscan=="USER2" }
loadhw -hw C:/Users/micha/lab62/sdk/mb_usb_hdmi_top/export/mb_usb_hdmi_top/hw/mb_usb_hdmi_top.xsa -regs
configparams mdm-detect-bscan-mask 2
targets -set -nocase -filter {name =~ "*microblaze*#0" && bscan=="USER2" }
rst -system
after 3000
targets -set -nocase -filter {name =~ "*microblaze*#0" && bscan=="USER2" }
dow C:/Users/micha/lab62/sdk/ballbounce/Debug/ballbounce.elf
----------------End of Script----------------

22:02:54 INFO  : Context for processor 'microblaze_0' is selected.
22:02:54 INFO  : 'con' command is executed.
22:02:54 INFO  : ----------------XSDB Script (After Launch)----------------
targets -set -nocase -filter {name =~ "*microblaze*#0" && bscan=="USER2" }
con
----------------End of Script----------------

22:02:54 INFO  : Launch script is exported to file 'C:\Users\micha\lab62\sdk\ballbounce_system\_ide\scripts\debugger_ballbounce-default.tcl'
22:03:31 INFO  : Hardware specification for platform project 'mb_usb_hdmi_top' is updated.
22:03:55 INFO  : Result from executing command 'getProjects': mb_usb_hdmi_top
22:03:55 INFO  : Result from executing command 'getPlatforms': mb_usb_hdmi_top|C:/Users/micha/lab62/sdk/mb_usb_hdmi_top/export/mb_usb_hdmi_top/mb_usb_hdmi_top.xpfm
22:03:56 INFO  : Checking for BSP changes to sync application flags for project 'ballbounce'...
22:04:12 INFO  : Result from executing command 'removePlatformRepo': 
22:04:25 INFO  : Result from executing command 'getProjects': mb_usb_hdmi_top
22:04:25 INFO  : Result from executing command 'getPlatforms': 
22:04:26 INFO  : Checking for BSP changes to sync application flags for project 'ballbounce'...
22:04:29 INFO  : The hardware specification used by project 'ballbounce' is out of sync with the platform. Resource files extracted from the hardware specification will be updated.
22:04:29 INFO  : The file 'C:\Users\micha\lab62\sdk\ballbounce\_ide\bitstream\mb_usb_hdmi_top.bit' stored in project is removed.
22:04:29 INFO  : The file 'C:\Users\micha\lab62\sdk\ballbounce\_ide\bitstream\mb_usb_hdmi_top.mmi' stored in project is removed.
22:04:29 INFO  : The updated bitstream files are copied from platform to folder 'C:\Users\micha\lab62\sdk\ballbounce\_ide\bitstream' in project 'ballbounce'.
22:04:41 INFO  : Disconnected from the channel tcfchan#7.
22:04:42 INFO  : Connected to target on host '127.0.0.1' and port '3121'.
22:04:42 INFO  : Jtag cable 'RealDigital Boo 887100000000A' is selected.
22:04:42 INFO  : 'jtag frequency' command is executed.
22:04:45 ERROR : no targets found with "jtag_cable_name =~ "RealDigital Boo 887100000000A" && level==0 && jtag_device_ctx=="jsn1-0362f093-0"". available targets:
  1  xc7s50
     2  MicroBlaze Debug Module at USER2
        3  MicroBlaze #0 (Running)
22:04:45 ERROR : Exception occured while running Program Device.
java.lang.RuntimeException: no targets found with "jtag_cable_name =~ "RealDigital Boo 887100000000A" && level==0 && jtag_device_ctx=="jsn1-0362f093-0"". available targets:
  1  xc7s50
     2  MicroBlaze Debug Module at USER2
        3  MicroBlaze #0 (Running)
22:04:45 INFO  : ----------------XSDB Script----------------
connect -url tcp:127.0.0.1:3121
----------------End of Script----------------

22:04:45 ERROR : no targets found with "jtag_cable_name =~ "RealDigital Boo 887100000000A" && level==0 && jtag_device_ctx=="jsn1-0362f093-0"". available targets:
  1  xc7s50
     2  MicroBlaze Debug Module at USER2
        3  MicroBlaze #0 (Running)
22:04:57 INFO  : Connected to target on host '127.0.0.1' and port '3121'.
22:04:57 INFO  : Jtag cable 'RealDigital Boo 887100000000A' is selected.
22:04:57 INFO  : 'jtag frequency' command is executed.
22:05:01 ERROR : no targets found with "jtag_cable_name =~ "RealDigital Boo 887100000000A" && level==0 && jtag_device_ctx=="jsn1-0362f093-0"". available targets:
  1  xc7s50
     2  MicroBlaze Debug Module at USER2
        3  MicroBlaze #0 (Running)
22:05:01 ERROR : Exception occured while running Program Device.
java.lang.RuntimeException: no targets found with "jtag_cable_name =~ "RealDigital Boo 887100000000A" && level==0 && jtag_device_ctx=="jsn1-0362f093-0"". available targets:
  1  xc7s50
     2  MicroBlaze Debug Module at USER2
        3  MicroBlaze #0 (Running)
22:05:01 INFO  : ----------------XSDB Script----------------
connect -url tcp:127.0.0.1:3121
----------------End of Script----------------

22:05:01 ERROR : no targets found with "jtag_cable_name =~ "RealDigital Boo 887100000000A" && level==0 && jtag_device_ctx=="jsn1-0362f093-0"". available targets:
  1  xc7s50
     2  MicroBlaze Debug Module at USER2
        3  MicroBlaze #0 (Running)
22:05:41 DEBUG : Logs will be stored at 'C:/Users/micha/lab62/sdk/IDE.log'.
22:05:42 INFO  : Launching XSCT server: xsct.bat -n  -interactive C:\Users\micha\lab62\sdk\temp_xsdb_launch_script.tcl
22:05:48 INFO  : XSCT server has started successfully.
22:05:48 INFO  : plnx-install-location is set to ''
22:05:48 INFO  : Successfully done setting XSCT server connection channel  
22:05:48 INFO  : Successfully done setting workspace for the tool. 
22:05:49 INFO  : Registering command handlers for Vitis TCF services
22:05:49 INFO  : Platform repository initialization has completed.
22:05:50 INFO  : Successfully done query RDI_DATADIR 
22:06:02 INFO  : Connected to target on host '127.0.0.1' and port '3121'.
22:06:02 INFO  : Jtag cable 'RealDigital Boo 887100000000A' is selected.
22:06:02 INFO  : 'jtag frequency' command is executed.
22:06:02 INFO  : 'targets -set -filter {jtag_cable_name =~ "RealDigital Boo 887100000000A" && level==0 && jtag_device_ctx=="jsn1-0362f093-0"}' command is executed.
22:06:04 INFO  : Device configured successfully with "C:/Users/micha/lab62/sdk/ballbounce/_ide/bitstream/mb_usb_hdmi_top.bit"
22:06:04 INFO  : Context for processor 'microblaze_0' is selected.
22:06:04 INFO  : Hardware design and registers information is loaded from 'C:/Users/micha/lab62/sdk/mb_usb_hdmi_top/export/mb_usb_hdmi_top/hw/mb_usb_hdmi_top.xsa'.
22:06:04 INFO  : 'configparams mdm-detect-bscan-mask 2' command is executed.
22:06:04 INFO  : Context for processor 'microblaze_0' is selected.
22:06:04 INFO  : System reset is completed.
22:06:07 INFO  : 'after 3000' command is executed.
22:06:07 INFO  : Context for processor 'microblaze_0' is selected.
22:06:07 INFO  : The application 'C:/Users/micha/lab62/sdk/ballbounce/Debug/ballbounce.elf' is downloaded to processor 'microblaze_0'.
22:06:07 INFO  : ----------------XSDB Script----------------
connect -url tcp:127.0.0.1:3121
targets -set -filter {jtag_cable_name =~ "RealDigital Boo 887100000000A" && level==0 && jtag_device_ctx=="jsn1-0362f093-0"}
fpga -file C:/Users/micha/lab62/sdk/ballbounce/_ide/bitstream/mb_usb_hdmi_top.bit
targets -set -nocase -filter {name =~ "*microblaze*#0" && bscan=="USER2" }
loadhw -hw C:/Users/micha/lab62/sdk/mb_usb_hdmi_top/export/mb_usb_hdmi_top/hw/mb_usb_hdmi_top.xsa -regs
configparams mdm-detect-bscan-mask 2
targets -set -nocase -filter {name =~ "*microblaze*#0" && bscan=="USER2" }
rst -system
after 3000
targets -set -nocase -filter {name =~ "*microblaze*#0" && bscan=="USER2" }
dow C:/Users/micha/lab62/sdk/ballbounce/Debug/ballbounce.elf
----------------End of Script----------------

22:06:07 INFO  : Context for processor 'microblaze_0' is selected.
22:06:07 INFO  : 'con' command is executed.
22:06:07 INFO  : ----------------XSDB Script (After Launch)----------------
targets -set -nocase -filter {name =~ "*microblaze*#0" && bscan=="USER2" }
con
----------------End of Script----------------

22:06:07 INFO  : Launch script is exported to file 'C:\Users\micha\lab62\sdk\ballbounce_system\_ide\scripts\debugger_ballbounce-default.tcl'
22:16:02 INFO  : Checking for BSP changes to sync application flags for project 'ballbounce'...
22:16:13 INFO  : Disconnected from the channel tcfchan#1.
22:16:14 INFO  : Connected to target on host '127.0.0.1' and port '3121'.
22:16:14 INFO  : Jtag cable 'RealDigital Boo 887100000000A' is selected.
22:16:14 INFO  : 'jtag frequency' command is executed.
22:16:14 INFO  : 'targets -set -filter {jtag_cable_name =~ "RealDigital Boo 887100000000A" && level==0 && jtag_device_ctx=="jsn1-0362f093-0"}' command is executed.
22:16:15 INFO  : Device configured successfully with "C:/Users/micha/lab62/sdk/ballbounce/_ide/bitstream/mb_usb_hdmi_top.bit"
22:16:16 INFO  : Context for processor 'microblaze_0' is selected.
22:16:16 INFO  : Hardware design and registers information is loaded from 'C:/Users/micha/lab62/sdk/mb_usb_hdmi_top/export/mb_usb_hdmi_top/hw/mb_usb_hdmi_top.xsa'.
22:16:16 INFO  : 'configparams mdm-detect-bscan-mask 2' command is executed.
22:16:16 INFO  : Context for processor 'microblaze_0' is selected.
22:16:16 INFO  : System reset is completed.
22:16:19 INFO  : 'after 3000' command is executed.
22:16:19 INFO  : Context for processor 'microblaze_0' is selected.
22:16:19 INFO  : The application 'C:/Users/micha/lab62/sdk/ballbounce/Debug/ballbounce.elf' is downloaded to processor 'microblaze_0'.
22:16:19 INFO  : ----------------XSDB Script----------------
connect -url tcp:127.0.0.1:3121
targets -set -filter {jtag_cable_name =~ "RealDigital Boo 887100000000A" && level==0 && jtag_device_ctx=="jsn1-0362f093-0"}
fpga -file C:/Users/micha/lab62/sdk/ballbounce/_ide/bitstream/mb_usb_hdmi_top.bit
targets -set -nocase -filter {name =~ "*microblaze*#0" && bscan=="USER2" }
loadhw -hw C:/Users/micha/lab62/sdk/mb_usb_hdmi_top/export/mb_usb_hdmi_top/hw/mb_usb_hdmi_top.xsa -regs
configparams mdm-detect-bscan-mask 2
targets -set -nocase -filter {name =~ "*microblaze*#0" && bscan=="USER2" }
rst -system
after 3000
targets -set -nocase -filter {name =~ "*microblaze*#0" && bscan=="USER2" }
dow C:/Users/micha/lab62/sdk/ballbounce/Debug/ballbounce.elf
----------------End of Script----------------

22:16:19 INFO  : Context for processor 'microblaze_0' is selected.
22:16:19 INFO  : 'con' command is executed.
22:16:19 INFO  : ----------------XSDB Script (After Launch)----------------
targets -set -nocase -filter {name =~ "*microblaze*#0" && bscan=="USER2" }
con
----------------End of Script----------------

22:16:19 INFO  : Launch script is exported to file 'C:\Users\micha\lab62\sdk\ballbounce_system\_ide\scripts\debugger_ballbounce-default.tcl'
22:17:41 INFO  : Checking for BSP changes to sync application flags for project 'ballbounce'...
22:18:38 INFO  : Result from executing command 'removePlatformRepo': 
22:18:49 INFO  : Result from executing command 'getProjects': mb_usb_hdmi_top
22:18:49 INFO  : Result from executing command 'getPlatforms': 
22:18:49 INFO  : Checking for BSP changes to sync application flags for project 'ballbounce'...
22:19:25 INFO  : Checking for BSP changes to sync application flags for project 'ballbounce'...
22:19:31 INFO  : Disconnected from the channel tcfchan#2.
22:19:38 INFO  : Connected to target on host '127.0.0.1' and port '3121'.
22:19:39 INFO  : Jtag cable 'RealDigital Boo 887100000000A' is selected.
22:19:39 INFO  : 'jtag frequency' command is executed.
22:19:42 ERROR : no targets found with "jtag_cable_name =~ "RealDigital Boo 887100000000A" && level==0 && jtag_device_ctx=="jsn1-0362f093-0"". available targets:
  1  xc7s50
     2  MicroBlaze Debug Module at USER2
        3  MicroBlaze #0 (Running)
22:19:42 ERROR : Exception occured while running Program Device.
java.lang.RuntimeException: no targets found with "jtag_cable_name =~ "RealDigital Boo 887100000000A" && level==0 && jtag_device_ctx=="jsn1-0362f093-0"". available targets:
  1  xc7s50
     2  MicroBlaze Debug Module at USER2
        3  MicroBlaze #0 (Running)
22:19:42 INFO  : ----------------XSDB Script----------------
connect -url tcp:127.0.0.1:3121
----------------End of Script----------------

22:19:42 ERROR : no targets found with "jtag_cable_name =~ "RealDigital Boo 887100000000A" && level==0 && jtag_device_ctx=="jsn1-0362f093-0"". available targets:
  1  xc7s50
     2  MicroBlaze Debug Module at USER2
        3  MicroBlaze #0 (Running)
22:20:42 DEBUG : Logs will be stored at 'C:/Users/micha/lab62/sdk/IDE.log'.
22:20:43 INFO  : Launching XSCT server: xsct.bat -n  -interactive C:\Users\micha\lab62\sdk\temp_xsdb_launch_script.tcl
22:20:50 INFO  : XSCT server has started successfully.
22:20:50 INFO  : plnx-install-location is set to ''
22:20:50 INFO  : Successfully done setting XSCT server connection channel  
22:20:50 INFO  : Successfully done setting workspace for the tool. 
22:20:50 INFO  : Platform repository initialization has completed.
22:20:50 INFO  : Registering command handlers for Vitis TCF services
22:20:55 INFO  : Checking for BSP changes to sync application flags for project 'ballbounce'...
22:20:57 INFO  : Successfully done query RDI_DATADIR 
22:21:36 INFO  : Hardware specification for platform project 'mb_usb_hdmi_top' is updated.
22:21:55 INFO  : Result from executing command 'getProjects': mb_usb_hdmi_top
22:21:55 INFO  : Result from executing command 'getPlatforms': mb_usb_hdmi_top|C:/Users/micha/lab62/sdk/mb_usb_hdmi_top/export/mb_usb_hdmi_top/mb_usb_hdmi_top.xpfm
22:21:56 INFO  : Checking for BSP changes to sync application flags for project 'ballbounce'...
22:24:54 INFO  : Checking for BSP changes to sync application flags for project 'ballbounce'...
22:25:07 INFO  : Connected to target on host '127.0.0.1' and port '3121'.
22:25:08 INFO  : Jtag cable 'RealDigital Boo 887100000000A' is selected.
22:25:08 INFO  : 'jtag frequency' command is executed.
22:25:08 INFO  : 'targets -set -filter {jtag_cable_name =~ "RealDigital Boo 887100000000A" && level==0 && jtag_device_ctx=="jsn1-0362f093-0"}' command is executed.
22:25:10 INFO  : Device configured successfully with "C:/Users/micha/lab62/sdk/ballbounce/_ide/bitstream/mb_usb_hdmi_top.bit"
22:25:10 INFO  : Context for processor 'microblaze_0' is selected.
22:25:10 INFO  : Hardware design and registers information is loaded from 'C:/Users/micha/lab62/sdk/mb_usb_hdmi_top/export/mb_usb_hdmi_top/hw/mb_usb_hdmi_top.xsa'.
22:25:10 INFO  : 'configparams mdm-detect-bscan-mask 2' command is executed.
22:25:10 INFO  : Context for processor 'microblaze_0' is selected.
22:25:10 INFO  : System reset is completed.
22:25:13 INFO  : 'after 3000' command is executed.
22:25:13 INFO  : Context for processor 'microblaze_0' is selected.
22:25:13 INFO  : The application 'C:/Users/micha/lab62/sdk/ballbounce/Debug/ballbounce.elf' is downloaded to processor 'microblaze_0'.
22:25:13 INFO  : ----------------XSDB Script----------------
connect -url tcp:127.0.0.1:3121
targets -set -filter {jtag_cable_name =~ "RealDigital Boo 887100000000A" && level==0 && jtag_device_ctx=="jsn1-0362f093-0"}
fpga -file C:/Users/micha/lab62/sdk/ballbounce/_ide/bitstream/mb_usb_hdmi_top.bit
targets -set -nocase -filter {name =~ "*microblaze*#0" && bscan=="USER2" }
loadhw -hw C:/Users/micha/lab62/sdk/mb_usb_hdmi_top/export/mb_usb_hdmi_top/hw/mb_usb_hdmi_top.xsa -regs
configparams mdm-detect-bscan-mask 2
targets -set -nocase -filter {name =~ "*microblaze*#0" && bscan=="USER2" }
rst -system
after 3000
targets -set -nocase -filter {name =~ "*microblaze*#0" && bscan=="USER2" }
dow C:/Users/micha/lab62/sdk/ballbounce/Debug/ballbounce.elf
----------------End of Script----------------

22:25:13 INFO  : Context for processor 'microblaze_0' is selected.
22:25:13 INFO  : 'con' command is executed.
22:25:13 INFO  : ----------------XSDB Script (After Launch)----------------
targets -set -nocase -filter {name =~ "*microblaze*#0" && bscan=="USER2" }
con
----------------End of Script----------------

22:25:13 INFO  : Launch script is exported to file 'C:\Users\micha\lab62\sdk\ballbounce_system\_ide\scripts\debugger_ballbounce-default.tcl'
22:26:08 INFO  : Disconnected from the channel tcfchan#2.
22:26:09 INFO  : Connected to target on host '127.0.0.1' and port '3121'.
22:26:18 INFO  : ----------------XSDB Script----------------
connect -url tcp:127.0.0.1:3121
----------------End of Script----------------

22:26:18 ERROR : Could not find FPGA device on the board for connection 'Local'.


Troubleshooting hints:
1. Check whether board is connected to system properly.
2. In case of zynq board, check whether Digilent/Xilinx cable switch settings are correct.
3. If you are using Xilinx Platform Cable USB, ensure that status LED is green.
22:26:25 INFO  : Connected to target on host '127.0.0.1' and port '3121'.
22:26:25 INFO  : Jtag cable 'RealDigital Boo 887100000000A' is selected.
22:26:25 INFO  : 'jtag frequency' command is executed.
22:26:25 INFO  : 'targets -set -filter {jtag_cable_name =~ "RealDigital Boo 887100000000A" && level==0 && jtag_device_ctx=="jsn1-0362f093-0"}' command is executed.
22:26:27 INFO  : Device configured successfully with "C:/Users/micha/lab62/sdk/ballbounce/_ide/bitstream/mb_usb_hdmi_top.bit"
22:26:27 INFO  : Context for processor 'microblaze_0' is selected.
22:26:27 INFO  : Hardware design and registers information is loaded from 'C:/Users/micha/lab62/sdk/mb_usb_hdmi_top/export/mb_usb_hdmi_top/hw/mb_usb_hdmi_top.xsa'.
22:26:27 INFO  : 'configparams mdm-detect-bscan-mask 2' command is executed.
22:26:27 INFO  : Context for processor 'microblaze_0' is selected.
22:26:27 INFO  : System reset is completed.
22:26:30 INFO  : 'after 3000' command is executed.
22:26:30 INFO  : Context for processor 'microblaze_0' is selected.
22:26:31 INFO  : The application 'C:/Users/micha/lab62/sdk/ballbounce/Debug/ballbounce.elf' is downloaded to processor 'microblaze_0'.
22:26:31 INFO  : ----------------XSDB Script----------------
connect -url tcp:127.0.0.1:3121
targets -set -filter {jtag_cable_name =~ "RealDigital Boo 887100000000A" && level==0 && jtag_device_ctx=="jsn1-0362f093-0"}
fpga -file C:/Users/micha/lab62/sdk/ballbounce/_ide/bitstream/mb_usb_hdmi_top.bit
targets -set -nocase -filter {name =~ "*microblaze*#0" && bscan=="USER2" }
loadhw -hw C:/Users/micha/lab62/sdk/mb_usb_hdmi_top/export/mb_usb_hdmi_top/hw/mb_usb_hdmi_top.xsa -regs
configparams mdm-detect-bscan-mask 2
targets -set -nocase -filter {name =~ "*microblaze*#0" && bscan=="USER2" }
rst -system
after 3000
targets -set -nocase -filter {name =~ "*microblaze*#0" && bscan=="USER2" }
dow C:/Users/micha/lab62/sdk/ballbounce/Debug/ballbounce.elf
----------------End of Script----------------

22:26:31 INFO  : Context for processor 'microblaze_0' is selected.
22:26:31 INFO  : 'con' command is executed.
22:26:31 INFO  : ----------------XSDB Script (After Launch)----------------
targets -set -nocase -filter {name =~ "*microblaze*#0" && bscan=="USER2" }
con
----------------End of Script----------------

22:26:31 INFO  : Launch script is exported to file 'C:\Users\micha\lab62\sdk\ballbounce_system\_ide\scripts\debugger_ballbounce-default.tcl'
22:29:10 INFO  : Disconnected from the channel tcfchan#3.
22:29:11 INFO  : Connected to target on host '127.0.0.1' and port '3121'.
22:29:21 INFO  : ----------------XSDB Script----------------
connect -url tcp:127.0.0.1:3121
----------------End of Script----------------

22:29:21 ERROR : Could not find FPGA device on the board for connection 'Local'.


Troubleshooting hints:
1. Check whether board is connected to system properly.
2. In case of zynq board, check whether Digilent/Xilinx cable switch settings are correct.
3. If you are using Xilinx Platform Cable USB, ensure that status LED is green.
22:29:27 INFO  : Connected to target on host '127.0.0.1' and port '3121'.
22:29:27 INFO  : Jtag cable 'RealDigital Boo 887100000000A' is selected.
22:29:27 INFO  : 'jtag frequency' command is executed.
22:29:27 INFO  : 'targets -set -filter {jtag_cable_name =~ "RealDigital Boo 887100000000A" && level==0 && jtag_device_ctx=="jsn1-0362f093-0"}' command is executed.
22:29:29 INFO  : Device configured successfully with "C:/Users/micha/lab62/sdk/ballbounce/_ide/bitstream/mb_usb_hdmi_top.bit"
22:29:29 INFO  : Context for processor 'microblaze_0' is selected.
22:29:29 INFO  : Hardware design and registers information is loaded from 'C:/Users/micha/lab62/sdk/mb_usb_hdmi_top/export/mb_usb_hdmi_top/hw/mb_usb_hdmi_top.xsa'.
22:29:29 INFO  : 'configparams mdm-detect-bscan-mask 2' command is executed.
22:29:29 INFO  : Context for processor 'microblaze_0' is selected.
22:29:29 INFO  : System reset is completed.
22:29:32 INFO  : 'after 3000' command is executed.
22:29:32 INFO  : Context for processor 'microblaze_0' is selected.
22:29:32 INFO  : The application 'C:/Users/micha/lab62/sdk/ballbounce/Debug/ballbounce.elf' is downloaded to processor 'microblaze_0'.
22:29:32 INFO  : ----------------XSDB Script----------------
connect -url tcp:127.0.0.1:3121
targets -set -filter {jtag_cable_name =~ "RealDigital Boo 887100000000A" && level==0 && jtag_device_ctx=="jsn1-0362f093-0"}
fpga -file C:/Users/micha/lab62/sdk/ballbounce/_ide/bitstream/mb_usb_hdmi_top.bit
targets -set -nocase -filter {name =~ "*microblaze*#0" && bscan=="USER2" }
loadhw -hw C:/Users/micha/lab62/sdk/mb_usb_hdmi_top/export/mb_usb_hdmi_top/hw/mb_usb_hdmi_top.xsa -regs
configparams mdm-detect-bscan-mask 2
targets -set -nocase -filter {name =~ "*microblaze*#0" && bscan=="USER2" }
rst -system
after 3000
targets -set -nocase -filter {name =~ "*microblaze*#0" && bscan=="USER2" }
dow C:/Users/micha/lab62/sdk/ballbounce/Debug/ballbounce.elf
----------------End of Script----------------

22:29:32 INFO  : Context for processor 'microblaze_0' is selected.
22:29:32 INFO  : 'con' command is executed.
22:29:32 INFO  : ----------------XSDB Script (After Launch)----------------
targets -set -nocase -filter {name =~ "*microblaze*#0" && bscan=="USER2" }
con
----------------End of Script----------------

22:29:32 INFO  : Launch script is exported to file 'C:\Users\micha\lab62\sdk\ballbounce_system\_ide\scripts\debugger_ballbounce-default.tcl'
22:48:12 INFO  : Hardware specification for platform project 'mb_usb_hdmi_top' is updated.
22:48:42 INFO  : Result from executing command 'getProjects': mb_usb_hdmi_top
22:48:42 INFO  : Result from executing command 'getPlatforms': mb_usb_hdmi_top|C:/Users/micha/lab62/sdk/mb_usb_hdmi_top/export/mb_usb_hdmi_top/mb_usb_hdmi_top.xpfm
22:48:43 INFO  : Checking for BSP changes to sync application flags for project 'ballbounce'...
22:48:48 INFO  : The hardware specification used by project 'ballbounce' is out of sync with the platform. Resource files extracted from the hardware specification will be updated.
22:48:48 INFO  : The file 'C:\Users\micha\lab62\sdk\ballbounce\_ide\bitstream\mb_usb_hdmi_top.bit' stored in project is removed.
22:48:48 INFO  : The file 'C:\Users\micha\lab62\sdk\ballbounce\_ide\bitstream\mb_usb_hdmi_top.mmi' stored in project is removed.
22:48:48 INFO  : The updated bitstream files are copied from platform to folder 'C:\Users\micha\lab62\sdk\ballbounce\_ide\bitstream' in project 'ballbounce'.
22:49:09 INFO  : Disconnected from the channel tcfchan#4.
22:49:10 INFO  : Connected to target on host '127.0.0.1' and port '3121'.
22:49:11 INFO  : Jtag cable 'RealDigital Boo 887100000000A' is selected.
22:49:11 INFO  : 'jtag frequency' command is executed.
22:49:14 ERROR : no targets found with "jtag_cable_name =~ "RealDigital Boo 887100000000A" && level==0 && jtag_device_ctx=="jsn1-0362f093-0"". available targets:
  1  xc7s50
     2  MicroBlaze Debug Module at USER2
        3  MicroBlaze #0 (Running)
22:49:14 ERROR : Exception occured while running Program Device.
java.lang.RuntimeException: no targets found with "jtag_cable_name =~ "RealDigital Boo 887100000000A" && level==0 && jtag_device_ctx=="jsn1-0362f093-0"". available targets:
  1  xc7s50
     2  MicroBlaze Debug Module at USER2
        3  MicroBlaze #0 (Running)
22:49:14 INFO  : ----------------XSDB Script----------------
connect -url tcp:127.0.0.1:3121
----------------End of Script----------------

22:49:14 ERROR : no targets found with "jtag_cable_name =~ "RealDigital Boo 887100000000A" && level==0 && jtag_device_ctx=="jsn1-0362f093-0"". available targets:
  1  xc7s50
     2  MicroBlaze Debug Module at USER2
        3  MicroBlaze #0 (Running)
22:49:23 INFO  : Connected to target on host '127.0.0.1' and port '3121'.
22:49:24 INFO  : Jtag cable 'RealDigital Boo 887100000000A' is selected.
22:49:24 INFO  : 'jtag frequency' command is executed.
22:49:27 ERROR : no targets found with "jtag_cable_name =~ "RealDigital Boo 887100000000A" && level==0 && jtag_device_ctx=="jsn1-0362f093-0"". available targets:
  1  xc7s50
     2  MicroBlaze Debug Module at USER2
        3  MicroBlaze #0 (Running)
22:49:27 ERROR : Exception occured while running Program Device.
java.lang.RuntimeException: no targets found with "jtag_cable_name =~ "RealDigital Boo 887100000000A" && level==0 && jtag_device_ctx=="jsn1-0362f093-0"". available targets:
  1  xc7s50
     2  MicroBlaze Debug Module at USER2
        3  MicroBlaze #0 (Running)
22:49:27 INFO  : ----------------XSDB Script----------------
connect -url tcp:127.0.0.1:3121
----------------End of Script----------------

22:49:27 ERROR : no targets found with "jtag_cable_name =~ "RealDigital Boo 887100000000A" && level==0 && jtag_device_ctx=="jsn1-0362f093-0"". available targets:
  1  xc7s50
     2  MicroBlaze Debug Module at USER2
        3  MicroBlaze #0 (Running)
22:49:55 DEBUG : Logs will be stored at 'C:/Users/micha/lab62/sdk/IDE.log'.
22:49:56 INFO  : Launching XSCT server: xsct.bat -n  -interactive C:\Users\micha\lab62\sdk\temp_xsdb_launch_script.tcl
22:50:03 INFO  : XSCT server has started successfully.
22:50:03 INFO  : Successfully done setting XSCT server connection channel  
22:50:03 INFO  : plnx-install-location is set to ''
22:50:03 INFO  : Successfully done setting workspace for the tool. 
22:50:03 INFO  : Registering command handlers for Vitis TCF services
22:50:03 INFO  : Platform repository initialization has completed.
22:50:04 INFO  : Successfully done query RDI_DATADIR 
22:50:05 INFO  : Checking for BSP changes to sync application flags for project 'ballbounce'...
22:50:26 INFO  : Connected to target on host '127.0.0.1' and port '3121'.
22:50:26 INFO  : Jtag cable 'RealDigital Boo 887100000000A' is selected.
22:50:26 INFO  : 'jtag frequency' command is executed.
22:50:27 INFO  : 'targets -set -filter {jtag_cable_name =~ "RealDigital Boo 887100000000A" && level==0 && jtag_device_ctx=="jsn1-0362f093-0"}' command is executed.
22:50:28 INFO  : Device configured successfully with "C:/Users/micha/lab62/sdk/ballbounce/_ide/bitstream/mb_usb_hdmi_top.bit"
22:50:28 INFO  : Context for processor 'microblaze_0' is selected.
22:50:28 INFO  : Hardware design and registers information is loaded from 'C:/Users/micha/lab62/sdk/mb_usb_hdmi_top/export/mb_usb_hdmi_top/hw/mb_usb_hdmi_top.xsa'.
22:50:28 INFO  : 'configparams mdm-detect-bscan-mask 2' command is executed.
22:50:28 INFO  : Context for processor 'microblaze_0' is selected.
22:50:28 INFO  : System reset is completed.
22:50:31 INFO  : 'after 3000' command is executed.
22:50:31 INFO  : Context for processor 'microblaze_0' is selected.
22:50:32 INFO  : The application 'C:/Users/micha/lab62/sdk/ballbounce/Debug/ballbounce.elf' is downloaded to processor 'microblaze_0'.
22:50:32 INFO  : ----------------XSDB Script----------------
connect -url tcp:127.0.0.1:3121
targets -set -filter {jtag_cable_name =~ "RealDigital Boo 887100000000A" && level==0 && jtag_device_ctx=="jsn1-0362f093-0"}
fpga -file C:/Users/micha/lab62/sdk/ballbounce/_ide/bitstream/mb_usb_hdmi_top.bit
targets -set -nocase -filter {name =~ "*microblaze*#0" && bscan=="USER2" }
loadhw -hw C:/Users/micha/lab62/sdk/mb_usb_hdmi_top/export/mb_usb_hdmi_top/hw/mb_usb_hdmi_top.xsa -regs
configparams mdm-detect-bscan-mask 2
targets -set -nocase -filter {name =~ "*microblaze*#0" && bscan=="USER2" }
rst -system
after 3000
targets -set -nocase -filter {name =~ "*microblaze*#0" && bscan=="USER2" }
dow C:/Users/micha/lab62/sdk/ballbounce/Debug/ballbounce.elf
----------------End of Script----------------

22:50:32 INFO  : Context for processor 'microblaze_0' is selected.
22:50:32 INFO  : 'con' command is executed.
22:50:32 INFO  : ----------------XSDB Script (After Launch)----------------
targets -set -nocase -filter {name =~ "*microblaze*#0" && bscan=="USER2" }
con
----------------End of Script----------------

22:50:32 INFO  : Launch script is exported to file 'C:\Users\micha\lab62\sdk\ballbounce_system\_ide\scripts\debugger_ballbounce-default.tcl'
22:58:40 INFO  : Result from executing command 'removePlatformRepo': 
22:58:54 INFO  : Result from executing command 'getProjects': mb_usb_hdmi_top
22:58:54 INFO  : Result from executing command 'getPlatforms': 
22:58:54 INFO  : Checking for BSP changes to sync application flags for project 'ballbounce'...
22:59:10 INFO  : Disconnected from the channel tcfchan#1.
22:59:11 INFO  : Connected to target on host '127.0.0.1' and port '3121'.
22:59:12 INFO  : Jtag cable 'RealDigital Boo 887100000000A' is selected.
22:59:12 INFO  : 'jtag frequency' command is executed.
22:59:12 INFO  : 'targets -set -filter {jtag_cable_name =~ "RealDigital Boo 887100000000A" && level==0 && jtag_device_ctx=="jsn1-0362f093-0"}' command is executed.
22:59:13 INFO  : Device configured successfully with "C:/Users/micha/lab62/sdk/ballbounce/_ide/bitstream/mb_usb_hdmi_top.bit"
22:59:13 INFO  : Context for processor 'microblaze_0' is selected.
22:59:14 INFO  : Hardware design and registers information is loaded from 'C:/Users/micha/lab62/sdk/mb_usb_hdmi_top/export/mb_usb_hdmi_top/hw/mb_usb_hdmi_top.xsa'.
22:59:14 INFO  : 'configparams mdm-detect-bscan-mask 2' command is executed.
22:59:14 INFO  : Context for processor 'microblaze_0' is selected.
22:59:14 INFO  : System reset is completed.
22:59:17 INFO  : 'after 3000' command is executed.
22:59:17 INFO  : Context for processor 'microblaze_0' is selected.
22:59:17 INFO  : The application 'C:/Users/micha/lab62/sdk/ballbounce/Debug/ballbounce.elf' is downloaded to processor 'microblaze_0'.
22:59:17 INFO  : ----------------XSDB Script----------------
connect -url tcp:127.0.0.1:3121
targets -set -filter {jtag_cable_name =~ "RealDigital Boo 887100000000A" && level==0 && jtag_device_ctx=="jsn1-0362f093-0"}
fpga -file C:/Users/micha/lab62/sdk/ballbounce/_ide/bitstream/mb_usb_hdmi_top.bit
targets -set -nocase -filter {name =~ "*microblaze*#0" && bscan=="USER2" }
loadhw -hw C:/Users/micha/lab62/sdk/mb_usb_hdmi_top/export/mb_usb_hdmi_top/hw/mb_usb_hdmi_top.xsa -regs
configparams mdm-detect-bscan-mask 2
targets -set -nocase -filter {name =~ "*microblaze*#0" && bscan=="USER2" }
rst -system
after 3000
targets -set -nocase -filter {name =~ "*microblaze*#0" && bscan=="USER2" }
dow C:/Users/micha/lab62/sdk/ballbounce/Debug/ballbounce.elf
----------------End of Script----------------

22:59:17 INFO  : Context for processor 'microblaze_0' is selected.
22:59:17 INFO  : 'con' command is executed.
22:59:17 INFO  : ----------------XSDB Script (After Launch)----------------
targets -set -nocase -filter {name =~ "*microblaze*#0" && bscan=="USER2" }
con
----------------End of Script----------------

22:59:17 INFO  : Launch script is exported to file 'C:\Users\micha\lab62\sdk\ballbounce_system\_ide\scripts\debugger_ballbounce-default.tcl'
23:01:12 INFO  : Checking for BSP changes to sync application flags for project 'ballbounce'...
23:01:24 INFO  : Disconnected from the channel tcfchan#4.
23:01:25 INFO  : Connected to target on host '127.0.0.1' and port '3121'.
23:01:34 INFO  : ----------------XSDB Script----------------
connect -url tcp:127.0.0.1:3121
----------------End of Script----------------

23:01:34 ERROR : Could not find FPGA device on the board for connection 'Local'.


Troubleshooting hints:
1. Check whether board is connected to system properly.
2. In case of zynq board, check whether Digilent/Xilinx cable switch settings are correct.
3. If you are using Xilinx Platform Cable USB, ensure that status LED is green.
23:01:45 INFO  : Connected to target on host '127.0.0.1' and port '3121'.
23:01:45 INFO  : Jtag cable 'RealDigital Boo 887100000000A' is selected.
23:01:45 INFO  : 'jtag frequency' command is executed.
23:01:45 INFO  : 'targets -set -filter {jtag_cable_name =~ "RealDigital Boo 887100000000A" && level==0 && jtag_device_ctx=="jsn1-0362f093-0"}' command is executed.
23:01:46 INFO  : Device configured successfully with "C:/Users/micha/lab62/sdk/ballbounce/_ide/bitstream/mb_usb_hdmi_top.bit"
23:01:46 INFO  : Context for processor 'microblaze_0' is selected.
23:01:46 INFO  : Hardware design and registers information is loaded from 'C:/Users/micha/lab62/sdk/mb_usb_hdmi_top/export/mb_usb_hdmi_top/hw/mb_usb_hdmi_top.xsa'.
23:01:46 INFO  : 'configparams mdm-detect-bscan-mask 2' command is executed.
23:01:46 INFO  : Context for processor 'microblaze_0' is selected.
23:01:46 INFO  : System reset is completed.
23:01:49 INFO  : 'after 3000' command is executed.
23:01:50 INFO  : Context for processor 'microblaze_0' is selected.
23:01:50 INFO  : The application 'C:/Users/micha/lab62/sdk/ballbounce/Debug/ballbounce.elf' is downloaded to processor 'microblaze_0'.
23:01:50 INFO  : ----------------XSDB Script----------------
connect -url tcp:127.0.0.1:3121
targets -set -filter {jtag_cable_name =~ "RealDigital Boo 887100000000A" && level==0 && jtag_device_ctx=="jsn1-0362f093-0"}
fpga -file C:/Users/micha/lab62/sdk/ballbounce/_ide/bitstream/mb_usb_hdmi_top.bit
targets -set -nocase -filter {name =~ "*microblaze*#0" && bscan=="USER2" }
loadhw -hw C:/Users/micha/lab62/sdk/mb_usb_hdmi_top/export/mb_usb_hdmi_top/hw/mb_usb_hdmi_top.xsa -regs
configparams mdm-detect-bscan-mask 2
targets -set -nocase -filter {name =~ "*microblaze*#0" && bscan=="USER2" }
rst -system
after 3000
targets -set -nocase -filter {name =~ "*microblaze*#0" && bscan=="USER2" }
dow C:/Users/micha/lab62/sdk/ballbounce/Debug/ballbounce.elf
----------------End of Script----------------

23:01:50 INFO  : Context for processor 'microblaze_0' is selected.
23:01:50 INFO  : 'con' command is executed.
23:01:50 INFO  : ----------------XSDB Script (After Launch)----------------
targets -set -nocase -filter {name =~ "*microblaze*#0" && bscan=="USER2" }
con
----------------End of Script----------------

23:01:50 INFO  : Launch script is exported to file 'C:\Users\micha\lab62\sdk\ballbounce_system\_ide\scripts\debugger_ballbounce-default.tcl'
23:03:44 INFO  : Checking for BSP changes to sync application flags for project 'ballbounce'...
23:03:52 INFO  : Disconnected from the channel tcfchan#5.
23:03:53 INFO  : Connected to target on host '127.0.0.1' and port '3121'.
23:04:02 INFO  : ----------------XSDB Script----------------
connect -url tcp:127.0.0.1:3121
----------------End of Script----------------

23:04:02 ERROR : Could not find FPGA device on the board for connection 'Local'.


Troubleshooting hints:
1. Check whether board is connected to system properly.
2. In case of zynq board, check whether Digilent/Xilinx cable switch settings are correct.
3. If you are using Xilinx Platform Cable USB, ensure that status LED is green.
23:04:24 INFO  : Connected to target on host '127.0.0.1' and port '3121'.
23:04:25 INFO  : Jtag cable 'RealDigital Boo 887100000000A' is selected.
23:04:25 INFO  : 'jtag frequency' command is executed.
23:04:25 INFO  : 'targets -set -filter {jtag_cable_name =~ "RealDigital Boo 887100000000A" && level==0 && jtag_device_ctx=="jsn1-0362f093-0"}' command is executed.
23:04:26 INFO  : Device configured successfully with "C:/Users/micha/lab62/sdk/ballbounce/_ide/bitstream/mb_usb_hdmi_top.bit"
23:04:26 INFO  : Context for processor 'microblaze_0' is selected.
23:04:26 INFO  : Hardware design and registers information is loaded from 'C:/Users/micha/lab62/sdk/mb_usb_hdmi_top/export/mb_usb_hdmi_top/hw/mb_usb_hdmi_top.xsa'.
23:04:26 INFO  : 'configparams mdm-detect-bscan-mask 2' command is executed.
23:04:26 INFO  : Context for processor 'microblaze_0' is selected.
23:04:26 INFO  : System reset is completed.
23:04:29 INFO  : 'after 3000' command is executed.
23:04:29 INFO  : Context for processor 'microblaze_0' is selected.
23:04:29 INFO  : The application 'C:/Users/micha/lab62/sdk/ballbounce/Debug/ballbounce.elf' is downloaded to processor 'microblaze_0'.
23:04:29 INFO  : ----------------XSDB Script----------------
connect -url tcp:127.0.0.1:3121
targets -set -filter {jtag_cable_name =~ "RealDigital Boo 887100000000A" && level==0 && jtag_device_ctx=="jsn1-0362f093-0"}
fpga -file C:/Users/micha/lab62/sdk/ballbounce/_ide/bitstream/mb_usb_hdmi_top.bit
targets -set -nocase -filter {name =~ "*microblaze*#0" && bscan=="USER2" }
loadhw -hw C:/Users/micha/lab62/sdk/mb_usb_hdmi_top/export/mb_usb_hdmi_top/hw/mb_usb_hdmi_top.xsa -regs
configparams mdm-detect-bscan-mask 2
targets -set -nocase -filter {name =~ "*microblaze*#0" && bscan=="USER2" }
rst -system
after 3000
targets -set -nocase -filter {name =~ "*microblaze*#0" && bscan=="USER2" }
dow C:/Users/micha/lab62/sdk/ballbounce/Debug/ballbounce.elf
----------------End of Script----------------

23:04:30 INFO  : Context for processor 'microblaze_0' is selected.
23:04:30 INFO  : 'con' command is executed.
23:04:30 INFO  : ----------------XSDB Script (After Launch)----------------
targets -set -nocase -filter {name =~ "*microblaze*#0" && bscan=="USER2" }
con
----------------End of Script----------------

23:04:30 INFO  : Launch script is exported to file 'C:\Users\micha\lab62\sdk\ballbounce_system\_ide\scripts\debugger_ballbounce-default.tcl'
23:06:25 INFO  : Hardware specification for platform project 'mb_usb_hdmi_top' is updated.
23:06:33 INFO  : Disconnected from the channel tcfchan#6.
23:06:34 INFO  : Connected to target on host '127.0.0.1' and port '3121'.
23:06:43 INFO  : ----------------XSDB Script----------------
connect -url tcp:127.0.0.1:3121
----------------End of Script----------------

23:06:43 ERROR : Could not find FPGA device on the board for connection 'Local'.


Troubleshooting hints:
1. Check whether board is connected to system properly.
2. In case of zynq board, check whether Digilent/Xilinx cable switch settings are correct.
3. If you are using Xilinx Platform Cable USB, ensure that status LED is green.
23:06:52 INFO  : Connected to target on host '127.0.0.1' and port '3121'.
23:06:52 INFO  : Jtag cable 'RealDigital Boo 887100000000A' is selected.
23:06:52 INFO  : 'jtag frequency' command is executed.
23:06:52 INFO  : 'targets -set -filter {jtag_cable_name =~ "RealDigital Boo 887100000000A" && level==0 && jtag_device_ctx=="jsn1-0362f093-0"}' command is executed.
23:06:54 INFO  : Device configured successfully with "C:/Users/micha/lab62/sdk/ballbounce/_ide/bitstream/mb_usb_hdmi_top.bit"
23:06:54 INFO  : Context for processor 'microblaze_0' is selected.
23:06:54 INFO  : Hardware design and registers information is loaded from 'C:/Users/micha/lab62/sdk/mb_usb_hdmi_top/export/mb_usb_hdmi_top/hw/mb_usb_hdmi_top.xsa'.
23:06:54 INFO  : 'configparams mdm-detect-bscan-mask 2' command is executed.
23:06:54 INFO  : Context for processor 'microblaze_0' is selected.
23:06:54 INFO  : System reset is completed.
23:06:57 INFO  : 'after 3000' command is executed.
23:06:57 INFO  : Context for processor 'microblaze_0' is selected.
23:06:57 INFO  : The application 'C:/Users/micha/lab62/sdk/ballbounce/Debug/ballbounce.elf' is downloaded to processor 'microblaze_0'.
23:06:57 INFO  : ----------------XSDB Script----------------
connect -url tcp:127.0.0.1:3121
targets -set -filter {jtag_cable_name =~ "RealDigital Boo 887100000000A" && level==0 && jtag_device_ctx=="jsn1-0362f093-0"}
fpga -file C:/Users/micha/lab62/sdk/ballbounce/_ide/bitstream/mb_usb_hdmi_top.bit
targets -set -nocase -filter {name =~ "*microblaze*#0" && bscan=="USER2" }
loadhw -hw C:/Users/micha/lab62/sdk/mb_usb_hdmi_top/export/mb_usb_hdmi_top/hw/mb_usb_hdmi_top.xsa -regs
configparams mdm-detect-bscan-mask 2
targets -set -nocase -filter {name =~ "*microblaze*#0" && bscan=="USER2" }
rst -system
after 3000
targets -set -nocase -filter {name =~ "*microblaze*#0" && bscan=="USER2" }
dow C:/Users/micha/lab62/sdk/ballbounce/Debug/ballbounce.elf
----------------End of Script----------------

23:06:57 INFO  : Context for processor 'microblaze_0' is selected.
23:06:57 INFO  : 'con' command is executed.
23:06:57 INFO  : ----------------XSDB Script (After Launch)----------------
targets -set -nocase -filter {name =~ "*microblaze*#0" && bscan=="USER2" }
con
----------------End of Script----------------

23:06:57 INFO  : Launch script is exported to file 'C:\Users\micha\lab62\sdk\ballbounce_system\_ide\scripts\debugger_ballbounce-default.tcl'
23:20:37 INFO  : Hardware specification for platform project 'mb_usb_hdmi_top' is updated.
23:20:58 INFO  : Result from executing command 'getProjects': mb_usb_hdmi_top
23:20:58 INFO  : Result from executing command 'getPlatforms': mb_usb_hdmi_top|C:/Users/micha/lab62/sdk/mb_usb_hdmi_top/export/mb_usb_hdmi_top/mb_usb_hdmi_top.xpfm
23:21:13 INFO  : Disconnected from the channel tcfchan#7.
23:21:14 INFO  : The hardware specification used by project 'ballbounce' is out of sync with the platform. Resource files extracted from the hardware specification will be updated.
23:21:14 INFO  : The file 'C:\Users\micha\lab62\sdk\ballbounce\_ide\bitstream\mb_usb_hdmi_top.bit' stored in project is removed.
23:21:14 INFO  : The file 'C:\Users\micha\lab62\sdk\ballbounce\_ide\bitstream\mb_usb_hdmi_top.mmi' stored in project is removed.
23:21:14 INFO  : The updated bitstream files are copied from platform to folder 'C:\Users\micha\lab62\sdk\ballbounce\_ide\bitstream' in project 'ballbounce'.
23:21:14 INFO  : Connected to target on host '127.0.0.1' and port '3121'.
23:21:15 INFO  : Jtag cable 'RealDigital Boo 887100000000A' is selected.
23:21:15 INFO  : 'jtag frequency' command is executed.
23:21:18 ERROR : no targets found with "jtag_cable_name =~ "RealDigital Boo 887100000000A" && level==0 && jtag_device_ctx=="jsn1-0362f093-0"". available targets:
  1  xc7s50
     2  MicroBlaze Debug Module at USER2
        3  MicroBlaze #0 (Running)
23:21:18 ERROR : Exception occured while running Program Device.
java.lang.RuntimeException: no targets found with "jtag_cable_name =~ "RealDigital Boo 887100000000A" && level==0 && jtag_device_ctx=="jsn1-0362f093-0"". available targets:
  1  xc7s50
     2  MicroBlaze Debug Module at USER2
        3  MicroBlaze #0 (Running)
23:21:18 INFO  : ----------------XSDB Script----------------
connect -url tcp:127.0.0.1:3121
----------------End of Script----------------

23:21:18 ERROR : no targets found with "jtag_cable_name =~ "RealDigital Boo 887100000000A" && level==0 && jtag_device_ctx=="jsn1-0362f093-0"". available targets:
  1  xc7s50
     2  MicroBlaze Debug Module at USER2
        3  MicroBlaze #0 (Running)
23:21:24 INFO  : Connected to target on host '127.0.0.1' and port '3121'.
23:21:24 INFO  : Jtag cable 'RealDigital Boo 887100000000A' is selected.
23:21:24 INFO  : 'jtag frequency' command is executed.
23:21:27 ERROR : no targets found with "jtag_cable_name =~ "RealDigital Boo 887100000000A" && level==0 && jtag_device_ctx=="jsn1-0362f093-0"". available targets:
  1  xc7s50
     2  MicroBlaze Debug Module at USER2
        3  MicroBlaze #0 (Running)
23:21:27 ERROR : Exception occured while running Program Device.
java.lang.RuntimeException: no targets found with "jtag_cable_name =~ "RealDigital Boo 887100000000A" && level==0 && jtag_device_ctx=="jsn1-0362f093-0"". available targets:
  1  xc7s50
     2  MicroBlaze Debug Module at USER2
        3  MicroBlaze #0 (Running)
23:21:27 INFO  : ----------------XSDB Script----------------
connect -url tcp:127.0.0.1:3121
----------------End of Script----------------

23:21:27 ERROR : no targets found with "jtag_cable_name =~ "RealDigital Boo 887100000000A" && level==0 && jtag_device_ctx=="jsn1-0362f093-0"". available targets:
  1  xc7s50
     2  MicroBlaze Debug Module at USER2
        3  MicroBlaze #0 (Running)
23:21:49 DEBUG : Logs will be stored at 'C:/Users/micha/lab62/sdk/IDE.log'.
23:21:50 INFO  : Launching XSCT server: xsct.bat -n  -interactive C:\Users\micha\lab62\sdk\temp_xsdb_launch_script.tcl
23:21:57 INFO  : XSCT server has started successfully.
23:21:57 INFO  : plnx-install-location is set to ''
23:21:57 INFO  : Successfully done setting XSCT server connection channel  
23:21:57 INFO  : Successfully done setting workspace for the tool. 
23:21:58 INFO  : Platform repository initialization has completed.
23:21:58 INFO  : Registering command handlers for Vitis TCF services
23:21:59 INFO  : Successfully done query RDI_DATADIR 
23:22:09 INFO  : Hardware specification for platform project 'mb_usb_hdmi_top' is updated.
23:22:19 INFO  : Connected to target on host '127.0.0.1' and port '3121'.
23:22:19 INFO  : Jtag cable 'RealDigital Boo 887100000000A' is selected.
23:22:19 INFO  : 'jtag frequency' command is executed.
23:22:19 INFO  : 'targets -set -filter {jtag_cable_name =~ "RealDigital Boo 887100000000A" && level==0 && jtag_device_ctx=="jsn1-0362f093-0"}' command is executed.
23:22:20 INFO  : Device configured successfully with "C:/Users/micha/lab62/sdk/ballbounce/_ide/bitstream/mb_usb_hdmi_top.bit"
23:22:21 INFO  : Context for processor 'microblaze_0' is selected.
23:22:21 INFO  : Hardware design and registers information is loaded from 'C:/Users/micha/lab62/sdk/mb_usb_hdmi_top/export/mb_usb_hdmi_top/hw/mb_usb_hdmi_top.xsa'.
23:22:21 INFO  : 'configparams mdm-detect-bscan-mask 2' command is executed.
23:22:21 INFO  : Context for processor 'microblaze_0' is selected.
23:22:21 INFO  : System reset is completed.
23:22:24 INFO  : 'after 3000' command is executed.
23:22:24 INFO  : Context for processor 'microblaze_0' is selected.
23:22:24 INFO  : The application 'C:/Users/micha/lab62/sdk/ballbounce/Debug/ballbounce.elf' is downloaded to processor 'microblaze_0'.
23:22:24 INFO  : ----------------XSDB Script----------------
connect -url tcp:127.0.0.1:3121
targets -set -filter {jtag_cable_name =~ "RealDigital Boo 887100000000A" && level==0 && jtag_device_ctx=="jsn1-0362f093-0"}
fpga -file C:/Users/micha/lab62/sdk/ballbounce/_ide/bitstream/mb_usb_hdmi_top.bit
targets -set -nocase -filter {name =~ "*microblaze*#0" && bscan=="USER2" }
loadhw -hw C:/Users/micha/lab62/sdk/mb_usb_hdmi_top/export/mb_usb_hdmi_top/hw/mb_usb_hdmi_top.xsa -regs
configparams mdm-detect-bscan-mask 2
targets -set -nocase -filter {name =~ "*microblaze*#0" && bscan=="USER2" }
rst -system
after 3000
targets -set -nocase -filter {name =~ "*microblaze*#0" && bscan=="USER2" }
dow C:/Users/micha/lab62/sdk/ballbounce/Debug/ballbounce.elf
----------------End of Script----------------

23:22:24 INFO  : Context for processor 'microblaze_0' is selected.
23:22:24 INFO  : 'con' command is executed.
23:22:24 INFO  : ----------------XSDB Script (After Launch)----------------
targets -set -nocase -filter {name =~ "*microblaze*#0" && bscan=="USER2" }
con
----------------End of Script----------------

23:22:24 INFO  : Launch script is exported to file 'C:\Users\micha\lab62\sdk\ballbounce_system\_ide\scripts\debugger_ballbounce-default.tcl'
23:29:44 INFO  : Disconnected from the channel tcfchan#1.
23:29:45 INFO  : Connected to target on host '127.0.0.1' and port '3121'.
23:29:54 INFO  : ----------------XSDB Script----------------
connect -url tcp:127.0.0.1:3121
----------------End of Script----------------

23:29:54 ERROR : Could not find FPGA device on the board for connection 'Local'.


Troubleshooting hints:
1. Check whether board is connected to system properly.
2. In case of zynq board, check whether Digilent/Xilinx cable switch settings are correct.
3. If you are using Xilinx Platform Cable USB, ensure that status LED is green.
23:29:59 INFO  : Connected to target on host '127.0.0.1' and port '3121'.
23:30:00 INFO  : Jtag cable 'RealDigital Boo 887100000000A' is selected.
23:30:00 INFO  : 'jtag frequency' command is executed.
23:30:00 INFO  : 'targets -set -filter {jtag_cable_name =~ "RealDigital Boo 887100000000A" && level==0 && jtag_device_ctx=="jsn1-0362f093-0"}' command is executed.
23:30:01 INFO  : Device configured successfully with "C:/Users/micha/lab62/sdk/ballbounce/_ide/bitstream/mb_usb_hdmi_top.bit"
23:30:01 INFO  : Context for processor 'microblaze_0' is selected.
23:30:01 INFO  : Hardware design and registers information is loaded from 'C:/Users/micha/lab62/sdk/mb_usb_hdmi_top/export/mb_usb_hdmi_top/hw/mb_usb_hdmi_top.xsa'.
23:30:01 INFO  : 'configparams mdm-detect-bscan-mask 2' command is executed.
23:30:01 INFO  : Context for processor 'microblaze_0' is selected.
23:30:01 INFO  : System reset is completed.
23:30:04 INFO  : 'after 3000' command is executed.
23:30:05 INFO  : Context for processor 'microblaze_0' is selected.
23:30:05 INFO  : The application 'C:/Users/micha/lab62/sdk/ballbounce/Debug/ballbounce.elf' is downloaded to processor 'microblaze_0'.
23:30:05 INFO  : ----------------XSDB Script----------------
connect -url tcp:127.0.0.1:3121
targets -set -filter {jtag_cable_name =~ "RealDigital Boo 887100000000A" && level==0 && jtag_device_ctx=="jsn1-0362f093-0"}
fpga -file C:/Users/micha/lab62/sdk/ballbounce/_ide/bitstream/mb_usb_hdmi_top.bit
targets -set -nocase -filter {name =~ "*microblaze*#0" && bscan=="USER2" }
loadhw -hw C:/Users/micha/lab62/sdk/mb_usb_hdmi_top/export/mb_usb_hdmi_top/hw/mb_usb_hdmi_top.xsa -regs
configparams mdm-detect-bscan-mask 2
targets -set -nocase -filter {name =~ "*microblaze*#0" && bscan=="USER2" }
rst -system
after 3000
targets -set -nocase -filter {name =~ "*microblaze*#0" && bscan=="USER2" }
dow C:/Users/micha/lab62/sdk/ballbounce/Debug/ballbounce.elf
----------------End of Script----------------

23:30:05 INFO  : Context for processor 'microblaze_0' is selected.
23:30:05 INFO  : 'con' command is executed.
23:30:05 INFO  : ----------------XSDB Script (After Launch)----------------
targets -set -nocase -filter {name =~ "*microblaze*#0" && bscan=="USER2" }
con
----------------End of Script----------------

23:30:05 INFO  : Launch script is exported to file 'C:\Users\micha\lab62\sdk\ballbounce_system\_ide\scripts\debugger_ballbounce-default.tcl'
23:31:43 INFO  : Hardware specification for platform project 'mb_usb_hdmi_top' is updated.
23:31:52 INFO  : Disconnected from the channel tcfchan#2.
23:31:53 INFO  : Connected to target on host '127.0.0.1' and port '3121'.
23:31:53 INFO  : Jtag cable 'RealDigital Boo 887100000000A' is selected.
23:31:53 INFO  : 'jtag frequency' command is executed.
23:31:53 INFO  : 'targets -set -filter {jtag_cable_name =~ "RealDigital Boo 887100000000A" && level==0 && jtag_device_ctx=="jsn1-0362f093-0"}' command is executed.
23:31:55 INFO  : Device configured successfully with "C:/Users/micha/lab62/sdk/ballbounce/_ide/bitstream/mb_usb_hdmi_top.bit"
23:31:55 INFO  : Context for processor 'microblaze_0' is selected.
23:31:55 INFO  : Hardware design and registers information is loaded from 'C:/Users/micha/lab62/sdk/mb_usb_hdmi_top/export/mb_usb_hdmi_top/hw/mb_usb_hdmi_top.xsa'.
23:31:55 INFO  : 'configparams mdm-detect-bscan-mask 2' command is executed.
23:31:55 INFO  : Context for processor 'microblaze_0' is selected.
23:31:55 INFO  : System reset is completed.
23:31:58 INFO  : 'after 3000' command is executed.
23:31:58 INFO  : Context for processor 'microblaze_0' is selected.
23:31:58 INFO  : The application 'C:/Users/micha/lab62/sdk/ballbounce/Debug/ballbounce.elf' is downloaded to processor 'microblaze_0'.
23:31:58 INFO  : ----------------XSDB Script----------------
connect -url tcp:127.0.0.1:3121
targets -set -filter {jtag_cable_name =~ "RealDigital Boo 887100000000A" && level==0 && jtag_device_ctx=="jsn1-0362f093-0"}
fpga -file C:/Users/micha/lab62/sdk/ballbounce/_ide/bitstream/mb_usb_hdmi_top.bit
targets -set -nocase -filter {name =~ "*microblaze*#0" && bscan=="USER2" }
loadhw -hw C:/Users/micha/lab62/sdk/mb_usb_hdmi_top/export/mb_usb_hdmi_top/hw/mb_usb_hdmi_top.xsa -regs
configparams mdm-detect-bscan-mask 2
targets -set -nocase -filter {name =~ "*microblaze*#0" && bscan=="USER2" }
rst -system
after 3000
targets -set -nocase -filter {name =~ "*microblaze*#0" && bscan=="USER2" }
dow C:/Users/micha/lab62/sdk/ballbounce/Debug/ballbounce.elf
----------------End of Script----------------

23:31:58 INFO  : Context for processor 'microblaze_0' is selected.
23:31:58 INFO  : 'con' command is executed.
23:31:58 INFO  : ----------------XSDB Script (After Launch)----------------
targets -set -nocase -filter {name =~ "*microblaze*#0" && bscan=="USER2" }
con
----------------End of Script----------------

23:31:58 INFO  : Launch script is exported to file 'C:\Users\micha\lab62\sdk\ballbounce_system\_ide\scripts\debugger_ballbounce-default.tcl'
23:32:27 INFO  : Result from executing command 'getProjects': mb_usb_hdmi_top
23:32:27 INFO  : Result from executing command 'getPlatforms': mb_usb_hdmi_top|C:/Users/micha/lab62/sdk/mb_usb_hdmi_top/export/mb_usb_hdmi_top/mb_usb_hdmi_top.xpfm
23:32:27 INFO  : Checking for BSP changes to sync application flags for project 'ballbounce'...
23:32:32 INFO  : The hardware specification used by project 'ballbounce' is out of sync with the platform. Resource files extracted from the hardware specification will be updated.
23:32:32 INFO  : The file 'C:\Users\micha\lab62\sdk\ballbounce\_ide\bitstream\mb_usb_hdmi_top.bit' stored in project is removed.
23:32:32 INFO  : The file 'C:\Users\micha\lab62\sdk\ballbounce\_ide\bitstream\mb_usb_hdmi_top.mmi' stored in project is removed.
23:32:32 INFO  : The updated bitstream files are copied from platform to folder 'C:\Users\micha\lab62\sdk\ballbounce\_ide\bitstream' in project 'ballbounce'.
23:32:45 INFO  : Disconnected from the channel tcfchan#3.
23:32:46 INFO  : Connected to target on host '127.0.0.1' and port '3121'.
23:32:46 INFO  : Jtag cable 'RealDigital Boo 887100000000A' is selected.
23:32:46 INFO  : 'jtag frequency' command is executed.
23:32:50 ERROR : no targets found with "jtag_cable_name =~ "RealDigital Boo 887100000000A" && level==0 && jtag_device_ctx=="jsn1-0362f093-0"". available targets:
  1  xc7s50
     2  MicroBlaze Debug Module at USER2
        3  MicroBlaze #0 (Running)
23:32:50 ERROR : Exception occured while running Program Device.
java.lang.RuntimeException: no targets found with "jtag_cable_name =~ "RealDigital Boo 887100000000A" && level==0 && jtag_device_ctx=="jsn1-0362f093-0"". available targets:
  1  xc7s50
     2  MicroBlaze Debug Module at USER2
        3  MicroBlaze #0 (Running)
23:32:50 INFO  : ----------------XSDB Script----------------
connect -url tcp:127.0.0.1:3121
----------------End of Script----------------

23:32:50 ERROR : no targets found with "jtag_cable_name =~ "RealDigital Boo 887100000000A" && level==0 && jtag_device_ctx=="jsn1-0362f093-0"". available targets:
  1  xc7s50
     2  MicroBlaze Debug Module at USER2
        3  MicroBlaze #0 (Running)
23:32:54 INFO  : Connected to target on host '127.0.0.1' and port '3121'.
23:32:54 INFO  : Jtag cable 'RealDigital Boo 887100000000A' is selected.
23:32:54 INFO  : 'jtag frequency' command is executed.
23:32:57 ERROR : no targets found with "jtag_cable_name =~ "RealDigital Boo 887100000000A" && level==0 && jtag_device_ctx=="jsn1-0362f093-0"". available targets:
  1  xc7s50
     2  MicroBlaze Debug Module at USER2
        3  MicroBlaze #0 (Running)
23:32:57 ERROR : Exception occured while running Program Device.
java.lang.RuntimeException: no targets found with "jtag_cable_name =~ "RealDigital Boo 887100000000A" && level==0 && jtag_device_ctx=="jsn1-0362f093-0"". available targets:
  1  xc7s50
     2  MicroBlaze Debug Module at USER2
        3  MicroBlaze #0 (Running)
23:32:57 INFO  : ----------------XSDB Script----------------
connect -url tcp:127.0.0.1:3121
----------------End of Script----------------

23:32:57 ERROR : no targets found with "jtag_cable_name =~ "RealDigital Boo 887100000000A" && level==0 && jtag_device_ctx=="jsn1-0362f093-0"". available targets:
  1  xc7s50
     2  MicroBlaze Debug Module at USER2
        3  MicroBlaze #0 (Running)
23:33:57 DEBUG : Logs will be stored at 'C:/Users/micha/lab62/sdk/IDE.log'.
23:33:58 INFO  : Launching XSCT server: xsct.bat -n  -interactive C:\Users\micha\lab62\sdk\temp_xsdb_launch_script.tcl
23:34:05 INFO  : XSCT server has started successfully.
23:34:05 INFO  : plnx-install-location is set to ''
23:34:05 INFO  : Successfully done setting XSCT server connection channel  
23:34:05 INFO  : Successfully done setting workspace for the tool. 
23:34:06 INFO  : Platform repository initialization has completed.
23:34:06 INFO  : Registering command handlers for Vitis TCF services
23:34:07 INFO  : Successfully done query RDI_DATADIR 
23:34:47 INFO  : Checking for BSP changes to sync application flags for project 'ballbounce'...
23:34:59 INFO  : Connected to target on host '127.0.0.1' and port '3121'.
23:35:00 INFO  : Jtag cable 'RealDigital Boo 887100000000A' is selected.
23:35:00 INFO  : 'jtag frequency' command is executed.
23:35:00 INFO  : 'targets -set -filter {jtag_cable_name =~ "RealDigital Boo 887100000000A" && level==0 && jtag_device_ctx=="jsn1-0362f093-0"}' command is executed.
23:35:01 INFO  : Device configured successfully with "C:/Users/micha/lab62/sdk/ballbounce/_ide/bitstream/mb_usb_hdmi_top.bit"
23:35:01 INFO  : Context for processor 'microblaze_0' is selected.
23:35:01 INFO  : Hardware design and registers information is loaded from 'C:/Users/micha/lab62/sdk/mb_usb_hdmi_top/export/mb_usb_hdmi_top/hw/mb_usb_hdmi_top.xsa'.
23:35:01 INFO  : 'configparams mdm-detect-bscan-mask 2' command is executed.
23:35:01 INFO  : Context for processor 'microblaze_0' is selected.
23:35:01 INFO  : System reset is completed.
23:35:04 INFO  : 'after 3000' command is executed.
23:35:05 INFO  : Context for processor 'microblaze_0' is selected.
23:35:05 INFO  : The application 'C:/Users/micha/lab62/sdk/ballbounce/Debug/ballbounce.elf' is downloaded to processor 'microblaze_0'.
23:35:05 INFO  : ----------------XSDB Script----------------
connect -url tcp:127.0.0.1:3121
targets -set -filter {jtag_cable_name =~ "RealDigital Boo 887100000000A" && level==0 && jtag_device_ctx=="jsn1-0362f093-0"}
fpga -file C:/Users/micha/lab62/sdk/ballbounce/_ide/bitstream/mb_usb_hdmi_top.bit
targets -set -nocase -filter {name =~ "*microblaze*#0" && bscan=="USER2" }
loadhw -hw C:/Users/micha/lab62/sdk/mb_usb_hdmi_top/export/mb_usb_hdmi_top/hw/mb_usb_hdmi_top.xsa -regs
configparams mdm-detect-bscan-mask 2
targets -set -nocase -filter {name =~ "*microblaze*#0" && bscan=="USER2" }
rst -system
after 3000
targets -set -nocase -filter {name =~ "*microblaze*#0" && bscan=="USER2" }
dow C:/Users/micha/lab62/sdk/ballbounce/Debug/ballbounce.elf
----------------End of Script----------------

23:35:05 INFO  : Context for processor 'microblaze_0' is selected.
23:35:05 INFO  : 'con' command is executed.
23:35:05 INFO  : ----------------XSDB Script (After Launch)----------------
targets -set -nocase -filter {name =~ "*microblaze*#0" && bscan=="USER2" }
con
----------------End of Script----------------

23:35:05 INFO  : Launch script is exported to file 'C:\Users\micha\lab62\sdk\ballbounce_system\_ide\scripts\debugger_ballbounce-default.tcl'
00:34:14 INFO  : Disconnected from the channel tcfchan#1.
00:34:15 INFO  : Connected to target on host '127.0.0.1' and port '3121'.
00:34:24 INFO  : ----------------XSDB Script----------------
connect -url tcp:127.0.0.1:3121
----------------End of Script----------------

00:34:24 ERROR : Could not find FPGA device on the board for connection 'Local'.


Troubleshooting hints:
1. Check whether board is connected to system properly.
2. In case of zynq board, check whether Digilent/Xilinx cable switch settings are correct.
3. If you are using Xilinx Platform Cable USB, ensure that status LED is green.
00:34:35 INFO  : Connected to target on host '127.0.0.1' and port '3121'.
00:34:35 INFO  : Jtag cable 'RealDigital Boo 887100000000A' is selected.
00:34:35 INFO  : 'jtag frequency' command is executed.
00:34:36 INFO  : 'targets -set -filter {jtag_cable_name =~ "RealDigital Boo 887100000000A" && level==0 && jtag_device_ctx=="jsn1-0362f093-0"}' command is executed.
00:34:37 INFO  : Device configured successfully with "C:/Users/micha/lab62/sdk/ballbounce/_ide/bitstream/mb_usb_hdmi_top.bit"
00:34:37 INFO  : Context for processor 'microblaze_0' is selected.
00:34:38 INFO  : Hardware design and registers information is loaded from 'C:/Users/micha/lab62/sdk/mb_usb_hdmi_top/export/mb_usb_hdmi_top/hw/mb_usb_hdmi_top.xsa'.
00:34:38 INFO  : 'configparams mdm-detect-bscan-mask 2' command is executed.
00:34:38 INFO  : Context for processor 'microblaze_0' is selected.
00:34:38 INFO  : System reset is completed.
00:34:41 INFO  : 'after 3000' command is executed.
00:34:41 INFO  : Context for processor 'microblaze_0' is selected.
00:34:41 INFO  : The application 'C:/Users/micha/lab62/sdk/ballbounce/Debug/ballbounce.elf' is downloaded to processor 'microblaze_0'.
00:34:41 INFO  : ----------------XSDB Script----------------
connect -url tcp:127.0.0.1:3121
targets -set -filter {jtag_cable_name =~ "RealDigital Boo 887100000000A" && level==0 && jtag_device_ctx=="jsn1-0362f093-0"}
fpga -file C:/Users/micha/lab62/sdk/ballbounce/_ide/bitstream/mb_usb_hdmi_top.bit
targets -set -nocase -filter {name =~ "*microblaze*#0" && bscan=="USER2" }
loadhw -hw C:/Users/micha/lab62/sdk/mb_usb_hdmi_top/export/mb_usb_hdmi_top/hw/mb_usb_hdmi_top.xsa -regs
configparams mdm-detect-bscan-mask 2
targets -set -nocase -filter {name =~ "*microblaze*#0" && bscan=="USER2" }
rst -system
after 3000
targets -set -nocase -filter {name =~ "*microblaze*#0" && bscan=="USER2" }
dow C:/Users/micha/lab62/sdk/ballbounce/Debug/ballbounce.elf
----------------End of Script----------------

00:34:41 INFO  : Context for processor 'microblaze_0' is selected.
00:34:41 INFO  : 'con' command is executed.
00:34:41 INFO  : ----------------XSDB Script (After Launch)----------------
targets -set -nocase -filter {name =~ "*microblaze*#0" && bscan=="USER2" }
con
----------------End of Script----------------

00:34:41 INFO  : Launch script is exported to file 'C:\Users\micha\lab62\sdk\ballbounce_system\_ide\scripts\debugger_ballbounce-default.tcl'
00:56:57 INFO  : Checking for BSP changes to sync application flags for project 'ballbounce'...
01:02:49 INFO  : Launching XSCT server: xsct.bat -n  -interactive C:\Users\micha\lab62\sdk\temp_xsdb_launch_script.tcl
09:22:43 DEBUG : Logs will be stored at 'C:/Users/micha/lab62/sdk/IDE.log'.
09:22:45 INFO  : Launching XSCT server: xsct.bat -n  -interactive C:\Users\micha\lab62\sdk\temp_xsdb_launch_script.tcl
09:22:54 INFO  : Registering command handlers for Vitis TCF services
09:22:54 INFO  : Platform repository initialization has completed.
09:22:58 INFO  : Checking for BSP changes to sync application flags for project 'ballbounce'...
09:22:59 INFO  : XSCT server has started successfully.
09:22:59 INFO  : plnx-install-location is set to ''
09:23:11 INFO  : Successfully done query RDI_DATADIR 
09:23:11 INFO  : Successfully done setting XSCT server connection channel  
09:23:11 INFO  : Successfully done setting workspace for the tool. 
09:23:26 INFO  : Connected to target on host '127.0.0.1' and port '3121'.
09:23:27 INFO  : Jtag cable 'RealDigital Boo 887100000000A' is selected.
09:23:27 INFO  : 'jtag frequency' command is executed.
09:23:28 INFO  : 'targets -set -filter {jtag_cable_name =~ "RealDigital Boo 887100000000A" && level==0 && jtag_device_ctx=="jsn1-0362f093-0"}' command is executed.
09:23:29 INFO  : Device configured successfully with "C:/Users/micha/lab62/sdk/ballbounce/_ide/bitstream/mb_usb_hdmi_top.bit"
09:23:29 INFO  : Context for processor 'microblaze_0' is selected.
09:23:29 INFO  : Hardware design and registers information is loaded from 'C:/Users/micha/lab62/sdk/mb_usb_hdmi_top/export/mb_usb_hdmi_top/hw/mb_usb_hdmi_top.xsa'.
09:23:29 INFO  : 'configparams mdm-detect-bscan-mask 2' command is executed.
09:23:29 INFO  : Context for processor 'microblaze_0' is selected.
09:23:30 INFO  : System reset is completed.
09:23:33 INFO  : 'after 3000' command is executed.
09:23:33 INFO  : Context for processor 'microblaze_0' is selected.
09:23:33 INFO  : The application 'C:/Users/micha/lab62/sdk/ballbounce/Debug/ballbounce.elf' is downloaded to processor 'microblaze_0'.
09:23:33 INFO  : ----------------XSDB Script----------------
connect -url tcp:127.0.0.1:3121
targets -set -filter {jtag_cable_name =~ "RealDigital Boo 887100000000A" && level==0 && jtag_device_ctx=="jsn1-0362f093-0"}
fpga -file C:/Users/micha/lab62/sdk/ballbounce/_ide/bitstream/mb_usb_hdmi_top.bit
targets -set -nocase -filter {name =~ "*microblaze*#0" && bscan=="USER2" }
loadhw -hw C:/Users/micha/lab62/sdk/mb_usb_hdmi_top/export/mb_usb_hdmi_top/hw/mb_usb_hdmi_top.xsa -regs
configparams mdm-detect-bscan-mask 2
targets -set -nocase -filter {name =~ "*microblaze*#0" && bscan=="USER2" }
rst -system
after 3000
targets -set -nocase -filter {name =~ "*microblaze*#0" && bscan=="USER2" }
dow C:/Users/micha/lab62/sdk/ballbounce/Debug/ballbounce.elf
----------------End of Script----------------

09:23:33 INFO  : Context for processor 'microblaze_0' is selected.
09:23:33 INFO  : 'con' command is executed.
09:23:33 INFO  : ----------------XSDB Script (After Launch)----------------
targets -set -nocase -filter {name =~ "*microblaze*#0" && bscan=="USER2" }
con
----------------End of Script----------------

09:23:33 INFO  : Launch script is exported to file 'C:\Users\micha\lab62\sdk\ballbounce_system\_ide\scripts\debugger_ballbounce-default.tcl'
09:23:52 INFO  : Disconnected from the channel tcfchan#1.
09:51:01 DEBUG : Logs will be stored at 'C:/Users/micha/lab62/sdk/IDE.log'.
09:51:02 INFO  : Launching XSCT server: xsct.bat -n  -interactive C:\Users\micha\lab62\sdk\temp_xsdb_launch_script.tcl
09:51:07 INFO  : XSCT server has started successfully.
09:51:07 INFO  : plnx-install-location is set to ''
09:51:07 INFO  : Successfully done setting XSCT server connection channel  
09:51:07 INFO  : Successfully done setting workspace for the tool. 
09:51:07 INFO  : Registering command handlers for Vitis TCF services
09:51:07 INFO  : Platform repository initialization has completed.
09:51:08 INFO  : Successfully done query RDI_DATADIR 
09:51:14 INFO  : Connected to target on host '127.0.0.1' and port '3121'.
09:51:15 INFO  : Jtag cable 'RealDigital Boo 887100000000A' is selected.
09:51:15 INFO  : 'jtag frequency' command is executed.
09:51:15 INFO  : 'targets -set -filter {jtag_cable_name =~ "RealDigital Boo 887100000000A" && level==0 && jtag_device_ctx=="jsn1-0362f093-0"}' command is executed.
09:51:16 INFO  : Device configured successfully with "C:/Users/micha/lab62/sdk/ballbounce/_ide/bitstream/mb_usb_hdmi_top.bit"
09:51:16 INFO  : Context for processor 'microblaze_0' is selected.
09:51:17 INFO  : Hardware design and registers information is loaded from 'C:/Users/micha/lab62/sdk/mb_usb_hdmi_top/export/mb_usb_hdmi_top/hw/mb_usb_hdmi_top.xsa'.
09:51:17 INFO  : 'configparams mdm-detect-bscan-mask 2' command is executed.
09:51:17 INFO  : Context for processor 'microblaze_0' is selected.
09:51:17 INFO  : System reset is completed.
09:51:20 INFO  : 'after 3000' command is executed.
09:51:20 INFO  : Context for processor 'microblaze_0' is selected.
09:51:20 INFO  : The application 'C:/Users/micha/lab62/sdk/ballbounce/Debug/ballbounce.elf' is downloaded to processor 'microblaze_0'.
09:51:20 INFO  : ----------------XSDB Script----------------
connect -url tcp:127.0.0.1:3121
targets -set -filter {jtag_cable_name =~ "RealDigital Boo 887100000000A" && level==0 && jtag_device_ctx=="jsn1-0362f093-0"}
fpga -file C:/Users/micha/lab62/sdk/ballbounce/_ide/bitstream/mb_usb_hdmi_top.bit
targets -set -nocase -filter {name =~ "*microblaze*#0" && bscan=="USER2" }
loadhw -hw C:/Users/micha/lab62/sdk/mb_usb_hdmi_top/export/mb_usb_hdmi_top/hw/mb_usb_hdmi_top.xsa -regs
configparams mdm-detect-bscan-mask 2
targets -set -nocase -filter {name =~ "*microblaze*#0" && bscan=="USER2" }
rst -system
after 3000
targets -set -nocase -filter {name =~ "*microblaze*#0" && bscan=="USER2" }
dow C:/Users/micha/lab62/sdk/ballbounce/Debug/ballbounce.elf
----------------End of Script----------------

09:51:20 INFO  : Context for processor 'microblaze_0' is selected.
09:51:20 INFO  : 'con' command is executed.
09:51:20 INFO  : ----------------XSDB Script (After Launch)----------------
targets -set -nocase -filter {name =~ "*microblaze*#0" && bscan=="USER2" }
con
----------------End of Script----------------

09:51:20 INFO  : Launch script is exported to file 'C:\Users\micha\lab62\sdk\ballbounce_system\_ide\scripts\debugger_ballbounce-default.tcl'
10:08:28 INFO  : Checking for BSP changes to sync application flags for project 'ballbounce'...
10:09:00 INFO  : Checking for BSP changes to sync application flags for project 'ballbounce'...
10:10:16 INFO  : Disconnected from the channel tcfchan#1.
10:10:17 INFO  : Connected to target on host '127.0.0.1' and port '3121'.
10:10:26 INFO  : ----------------XSDB Script----------------
connect -url tcp:127.0.0.1:3121
----------------End of Script----------------

10:10:26 ERROR : Could not find FPGA device on the board for connection 'Local'.


Troubleshooting hints:
1. Check whether board is connected to system properly.
2. In case of zynq board, check whether Digilent/Xilinx cable switch settings are correct.
3. If you are using Xilinx Platform Cable USB, ensure that status LED is green.
10:10:32 INFO  : Connected to target on host '127.0.0.1' and port '3121'.
10:10:32 INFO  : Jtag cable 'RealDigital Boo 887100000000A' is selected.
10:10:32 INFO  : 'jtag frequency' command is executed.
10:10:33 INFO  : 'targets -set -filter {jtag_cable_name =~ "RealDigital Boo 887100000000A" && level==0 && jtag_device_ctx=="jsn1-0362f093-0"}' command is executed.
10:10:34 INFO  : Device configured successfully with "C:/Users/micha/lab62/sdk/ballbounce/_ide/bitstream/mb_usb_hdmi_top.bit"
10:10:34 INFO  : Context for processor 'microblaze_0' is selected.
10:10:34 INFO  : Hardware design and registers information is loaded from 'C:/Users/micha/lab62/sdk/mb_usb_hdmi_top/export/mb_usb_hdmi_top/hw/mb_usb_hdmi_top.xsa'.
10:10:34 INFO  : 'configparams mdm-detect-bscan-mask 2' command is executed.
10:10:34 INFO  : Context for processor 'microblaze_0' is selected.
10:10:34 INFO  : System reset is completed.
10:10:37 INFO  : 'after 3000' command is executed.
10:10:37 INFO  : Context for processor 'microblaze_0' is selected.
10:10:38 INFO  : The application 'C:/Users/micha/lab62/sdk/ballbounce/Debug/ballbounce.elf' is downloaded to processor 'microblaze_0'.
10:10:38 INFO  : ----------------XSDB Script----------------
connect -url tcp:127.0.0.1:3121
targets -set -filter {jtag_cable_name =~ "RealDigital Boo 887100000000A" && level==0 && jtag_device_ctx=="jsn1-0362f093-0"}
fpga -file C:/Users/micha/lab62/sdk/ballbounce/_ide/bitstream/mb_usb_hdmi_top.bit
targets -set -nocase -filter {name =~ "*microblaze*#0" && bscan=="USER2" }
loadhw -hw C:/Users/micha/lab62/sdk/mb_usb_hdmi_top/export/mb_usb_hdmi_top/hw/mb_usb_hdmi_top.xsa -regs
configparams mdm-detect-bscan-mask 2
targets -set -nocase -filter {name =~ "*microblaze*#0" && bscan=="USER2" }
rst -system
after 3000
targets -set -nocase -filter {name =~ "*microblaze*#0" && bscan=="USER2" }
dow C:/Users/micha/lab62/sdk/ballbounce/Debug/ballbounce.elf
----------------End of Script----------------

10:10:38 INFO  : Context for processor 'microblaze_0' is selected.
10:10:38 INFO  : 'con' command is executed.
10:10:38 INFO  : ----------------XSDB Script (After Launch)----------------
targets -set -nocase -filter {name =~ "*microblaze*#0" && bscan=="USER2" }
con
----------------End of Script----------------

10:10:38 INFO  : Launch script is exported to file 'C:\Users\micha\lab62\sdk\ballbounce_system\_ide\scripts\debugger_ballbounce-default.tcl'
10:11:17 INFO  : Checking for BSP changes to sync application flags for project 'ballbounce'...
10:11:27 INFO  : Disconnected from the channel tcfchan#2.
10:11:28 INFO  : Connected to target on host '127.0.0.1' and port '3121'.
10:11:37 INFO  : ----------------XSDB Script----------------
connect -url tcp:127.0.0.1:3121
----------------End of Script----------------

10:11:37 ERROR : Could not find FPGA device on the board for connection 'Local'.


Troubleshooting hints:
1. Check whether board is connected to system properly.
2. In case of zynq board, check whether Digilent/Xilinx cable switch settings are correct.
3. If you are using Xilinx Platform Cable USB, ensure that status LED is green.
10:11:42 INFO  : Connected to target on host '127.0.0.1' and port '3121'.
10:11:42 INFO  : Jtag cable 'RealDigital Boo 887100000000A' is selected.
10:11:42 INFO  : 'jtag frequency' command is executed.
10:11:42 INFO  : 'targets -set -filter {jtag_cable_name =~ "RealDigital Boo 887100000000A" && level==0 && jtag_device_ctx=="jsn1-0362f093-0"}' command is executed.
10:11:43 INFO  : Device configured successfully with "C:/Users/micha/lab62/sdk/ballbounce/_ide/bitstream/mb_usb_hdmi_top.bit"
10:11:43 INFO  : Context for processor 'microblaze_0' is selected.
10:11:44 INFO  : Hardware design and registers information is loaded from 'C:/Users/micha/lab62/sdk/mb_usb_hdmi_top/export/mb_usb_hdmi_top/hw/mb_usb_hdmi_top.xsa'.
10:11:44 INFO  : 'configparams mdm-detect-bscan-mask 2' command is executed.
10:11:44 INFO  : Context for processor 'microblaze_0' is selected.
10:11:44 INFO  : System reset is completed.
10:11:47 INFO  : 'after 3000' command is executed.
10:11:47 INFO  : Context for processor 'microblaze_0' is selected.
10:11:47 INFO  : The application 'C:/Users/micha/lab62/sdk/ballbounce/Debug/ballbounce.elf' is downloaded to processor 'microblaze_0'.
10:11:47 INFO  : ----------------XSDB Script----------------
connect -url tcp:127.0.0.1:3121
targets -set -filter {jtag_cable_name =~ "RealDigital Boo 887100000000A" && level==0 && jtag_device_ctx=="jsn1-0362f093-0"}
fpga -file C:/Users/micha/lab62/sdk/ballbounce/_ide/bitstream/mb_usb_hdmi_top.bit
targets -set -nocase -filter {name =~ "*microblaze*#0" && bscan=="USER2" }
loadhw -hw C:/Users/micha/lab62/sdk/mb_usb_hdmi_top/export/mb_usb_hdmi_top/hw/mb_usb_hdmi_top.xsa -regs
configparams mdm-detect-bscan-mask 2
targets -set -nocase -filter {name =~ "*microblaze*#0" && bscan=="USER2" }
rst -system
after 3000
targets -set -nocase -filter {name =~ "*microblaze*#0" && bscan=="USER2" }
dow C:/Users/micha/lab62/sdk/ballbounce/Debug/ballbounce.elf
----------------End of Script----------------

10:11:47 INFO  : Context for processor 'microblaze_0' is selected.
10:11:47 INFO  : 'con' command is executed.
10:11:47 INFO  : ----------------XSDB Script (After Launch)----------------
targets -set -nocase -filter {name =~ "*microblaze*#0" && bscan=="USER2" }
con
----------------End of Script----------------

10:11:47 INFO  : Launch script is exported to file 'C:\Users\micha\lab62\sdk\ballbounce_system\_ide\scripts\debugger_ballbounce-default.tcl'
10:13:39 INFO  : Disconnected from the channel tcfchan#3.
03:21:24 DEBUG : Logs will be stored at 'C:/Users/micha/lab62/sdk/IDE.log'.
03:21:25 INFO  : Launching XSCT server: xsct.bat -n  -interactive C:\Users\micha\lab62\sdk\temp_xsdb_launch_script.tcl
03:21:32 INFO  : Registering command handlers for Vitis TCF services
03:21:33 INFO  : Platform repository initialization has completed.
03:21:35 INFO  : XSCT server has started successfully.
03:21:35 INFO  : plnx-install-location is set to ''
03:21:40 INFO  : Successfully done setting XSCT server connection channel  
03:21:40 INFO  : Successfully done query RDI_DATADIR 
03:21:40 INFO  : Successfully done setting workspace for the tool. 
14:26:52 DEBUG : Logs will be stored at 'C:/Users/micha/lab62/sdk/IDE.log'.
14:26:54 INFO  : Launching XSCT server: xsct.bat -n  -interactive C:\Users\micha\lab62\sdk\temp_xsdb_launch_script.tcl
14:27:01 INFO  : Registering command handlers for Vitis TCF services
14:27:01 INFO  : Platform repository initialization has completed.
14:27:02 INFO  : XSCT server has started successfully.
14:27:02 INFO  : Successfully done setting XSCT server connection channel  
14:27:10 INFO  : plnx-install-location is set to ''
14:27:10 INFO  : Successfully done setting workspace for the tool. 
14:27:10 INFO  : Successfully done query RDI_DATADIR 
15:01:16 INFO  : Hardware specification for platform project 'mb_usb_hdmi_top' is updated.
15:01:53 INFO  : Result from executing command 'getProjects': mb_usb_hdmi_top
15:01:53 INFO  : Result from executing command 'getPlatforms': mb_usb_hdmi_top|C:/Users/micha/lab62/sdk/mb_usb_hdmi_top/export/mb_usb_hdmi_top/mb_usb_hdmi_top.xpfm
15:01:54 INFO  : Checking for BSP changes to sync application flags for project 'ballbounce'...
15:02:00 INFO  : The hardware specification used by project 'ballbounce' is out of sync with the platform. Resource files extracted from the hardware specification will be updated.
15:02:00 INFO  : The file 'C:\Users\micha\lab62\sdk\ballbounce\_ide\bitstream\mb_usb_hdmi_top.bit' stored in project is removed.
15:02:00 INFO  : The file 'C:\Users\micha\lab62\sdk\ballbounce\_ide\bitstream\mb_usb_hdmi_top.mmi' stored in project is removed.
15:02:01 INFO  : The updated bitstream files are copied from platform to folder 'C:\Users\micha\lab62\sdk\ballbounce\_ide\bitstream' in project 'ballbounce'.
15:02:08 INFO  : Connected to target on host '127.0.0.1' and port '3121'.
15:02:09 INFO  : ----------------XSDB Script----------------
connect -url tcp:127.0.0.1:3121
----------------End of Script----------------

15:02:09 ERROR : missing close-brace
17:25:39 DEBUG : Logs will be stored at 'C:/Users/mzxu2/Downloads/lab62/sdk/IDE.log'.
17:26:34 DEBUG : Logs will be stored at 'C:/Users/mzxu2/Downloads/lab62/sdk/IDE.log'.
17:32:33 DEBUG : Logs will be stored at 'C:/Users/mzxu2/Downloads/lab62/sdk/IDE.log'.
17:34:52 DEBUG : Logs will be stored at 'C:/Users/mzxu2/Downloads/lab62/sdknew/IDE.log'.
17:36:41 DEBUG : Logs will be stored at 'C:/Users/mzxu2/Downloads/lab62/sdknew/IDE.log'.
